BackEndSoftArena.exe: 00002FCC: 08:35:04 []:>--------------------------------------------------------------<
BackEndSoftArena.exe: 00002FCC: 08:35:04 [TUniServerModule]:Server First Init.
BackEndSoftArena.exe: 00002FCC: 08:35:04 [TUniServerModule]:Erasing Cache Folder...
BackEndSoftArena.exe: 00002FCC: 08:35:04 [TUniServerModule]:Cache Folder Erased. <1> Files deleted.
BackEndSoftArena.exe: 00002FCC: 08:35:04 [TUniServerModule]:Starting HTTP Server...
BackEndSoftArena.exe: 00002FCC: 08:35:04 [TUniServerModule]:HTTP Server Started. Port: 8077
BackEndSoftArena.exe: 000027C4: 08:35:18 [127.0.0.1]:EUniSessionException : Invalid session or session Timeout. : Addr: $007710D2
BackEndSoftArena.exe: 00002FB8: 08:36:11 [127.0.0.1]:EMySQLNativeException : [FireDAC][Phys][MySQL] Can't connect to MySQL server on '165.227.66.145' (10060) : Addr: $008352E6
BackEndSoftArena.exe: 00002FCC: 08:37:17 [TUniServerModule]:Shutting Down Server.
BackEndSoftArena.exe: 00002FB8: 08:37:28 [127.0.0.1]:EMySQLNativeException : [FireDAC][Phys][MySQL] Can't connect to MySQL server on '165.227.66.145' (10060) : Addr: $008352E6
BackEndSoftArena.exe: 00002FCC: 08:37:29 [TUniServerModule]:HTTP Server Stopped.
BackEndSoftArena.exe: 00002FCC: 08:37:29 [TUniGUISessionManager]:Terminating Session manager.
BackEndSoftArena.exe: 00002FCC: 08:37:29 [TUniGUISessionManager]:Stopping Cache Eraser...
BackEndSoftArena.exe: 00002FCC: 08:37:29 [TUniGUISessionManager]:Cache Eraser Stopped.
BackEndSoftArena.exe: 00002FCC: 08:37:29 [TUniGUISessionManager]:Destroying Worker Threads.
BackEndSoftArena.exe: 00002FCC: 08:37:29 [TUniGUISessionManager]:Session manager terminated.
BackEndSoftArena.exe: 00002FCC: 08:37:29 [TUniServerModule]:Server Shutdown Completed.
BackEndSoftArena.exe: 00002FCC: 08:37:29 []:<-------------------------------------------------------------->
BackEndSoftArena.exe: 00002FCC: 08:37:29 [Terminated]:Exit Code: 0
BackEndSoftArena.exe: 00002C44: 08:37:46 []:>--------------------------------------------------------------<
BackEndSoftArena.exe: 00002C44: 08:37:46 [TUniServerModule]:Server First Init.
BackEndSoftArena.exe: 00002C44: 08:37:46 [TUniServerModule]:Erasing Cache Folder...
BackEndSoftArena.exe: 00002C44: 08:37:46 [TUniServerModule]:Cache Folder Erased. <0> Files deleted.
BackEndSoftArena.exe: 00002C44: 08:37:46 [TUniServerModule]:Starting HTTP Server...
BackEndSoftArena.exe: 00002C44: 08:37:46 [TUniServerModule]:HTTP Server Started. Port: 8077
BackEndSoftArena.exe: 00002E6C: 08:37:54 [127.0.0.1]:EUniSessionException : Invalid session or session Timeout. : Addr: $007710D2
BackEndSoftArena.exe: 000028D8: 08:37:55 [127.0.0.1]:EUniSessionException : Invalid session or session Timeout. : Addr: $007710D2
BackEndSoftArena.exe: 00002C44: 08:41:40 [TUniServerModule]:Shutting Down Server.
BackEndSoftArena.exe: 00002C44: 08:41:40 [TUniServerModule]:HTTP Server Stopped.
BackEndSoftArena.exe: 00002C44: 08:41:40 [TUniGUISessionManager]:Terminating Session manager.
BackEndSoftArena.exe: 00002C44: 08:41:40 [TUniGUISessionManager]:Stopping Cache Eraser...
BackEndSoftArena.exe: 00002C44: 08:41:40 [TUniGUISessionManager]:Cache Eraser Stopped.
BackEndSoftArena.exe: 00002C44: 08:41:40 [TUniGUISessionManager]:Destroying Worker Threads.
BackEndSoftArena.exe: 00002C44: 08:41:40 [TUniGUISessionManager]:Session manager terminated.
BackEndSoftArena.exe: 00002C44: 08:41:40 [TUniServerModule]:Server Shutdown Completed.
BackEndSoftArena.exe: 00002C44: 08:41:40 []:<-------------------------------------------------------------->
BackEndSoftArena.exe: 00002C44: 08:41:40 [Terminated]:Exit Code: 0
BackEndSoftArena.exe: 000009A0: 08:41:54 []:>--------------------------------------------------------------<
BackEndSoftArena.exe: 000009A0: 08:41:54 [TUniServerModule]:Server First Init.
BackEndSoftArena.exe: 000009A0: 08:41:54 [TUniServerModule]:Erasing Cache Folder...
BackEndSoftArena.exe: 000009A0: 08:41:54 [TUniServerModule]:Cache Folder Erased. <0> Files deleted.
BackEndSoftArena.exe: 000009A0: 08:41:55 [TUniServerModule]:Starting HTTP Server...
BackEndSoftArena.exe: 000009A0: 08:41:55 [TUniServerModule]:HTTP Server Started. Port: 8077
BackEndSoftArena.exe: 00001340: 08:41:56 [127.0.0.1]:EUniSessionException : Invalid session or session Timeout. : Addr: $007710D2
BackEndSoftArena.exe: 000009A0: 09:09:08 [TUniServerModule]:Shutting Down Server.
BackEndSoftArena.exe: 000009A0: 09:09:09 [TUniServerModule]:HTTP Server Stopped.
BackEndSoftArena.exe: 000009A0: 09:09:09 [TUniGUISessionManager]:Terminating Session manager.
BackEndSoftArena.exe: 000009A0: 09:09:09 [TUniGUISessionManager]:Stopping Cache Eraser...
BackEndSoftArena.exe: 000009A0: 09:09:09 [TUniGUISessionManager]:Cache Eraser Stopped.
BackEndSoftArena.exe: 000009A0: 09:09:09 [TUniGUISessionManager]:Destroying Worker Threads.
BackEndSoftArena.exe: 000009A0: 09:09:09 [TUniGUISessionManager]:Session manager terminated.
BackEndSoftArena.exe: 000009A0: 09:09:09 [TUniServerModule]:Server Shutdown Completed.
BackEndSoftArena.exe: 000009A0: 09:09:09 []:<-------------------------------------------------------------->
BackEndSoftArena.exe: 000009A0: 09:09:09 [Terminated]:Exit Code: 0
BackEndSoftArena.exe: 00002C1C: 09:10:55 []:>--------------------------------------------------------------<
BackEndSoftArena.exe: 00002C1C: 09:10:55 [TUniServerModule]:Server First Init.
BackEndSoftArena.exe: 00002C1C: 09:10:55 [TUniServerModule]:Erasing Cache Folder...
BackEndSoftArena.exe: 00002C1C: 09:10:55 [TUniServerModule]:Cache Folder Erased. <0> Files deleted.
BackEndSoftArena.exe: 00002C1C: 09:10:55 [TUniServerModule]:Starting HTTP Server...
BackEndSoftArena.exe: 00002C1C: 09:10:55 [TUniServerModule]:HTTP Server Started. Port: 8077
BackEndSoftArena.exe: 000004B8: 09:11:07 [127.0.0.1]:EUniSessionException : Invalid session or session Timeout. : Addr: $007710D2
BackEndSoftArena.exe: 00001818: 09:11:08 [127.0.0.1]:EUniSessionException : Invalid session or session Timeout. : Addr: $007710D2
BackEndSoftArena.exe: 000033E0: 09:11:40 [127.0.0.1]:EIdSocketError : Socket Error # 10054
Connection reset by peer. : Addr: $00939FA4
BackEndSoftArena.exe: 000033E0: 09:12:22 [127.0.0.1]:EIdSocketError : Socket Error # 10054
Connection reset by peer. : Addr: $00939FA4
BackEndSoftArena.exe: 00002C1C: 09:12:32 [TUniServerModule]:Shutting Down Server.
BackEndSoftArena.exe: 00000744: 09:12:32 [Indy]:EIdNotConnected : Not Connected : Addr: $006DF6F2
BackEndSoftArena.exe: 00002C1C: 09:12:33 [TUniServerModule]:HTTP Server Stopped.
BackEndSoftArena.exe: 00002C1C: 09:12:33 [TUniGUISessionManager]:Terminating Session manager.
BackEndSoftArena.exe: 00002C1C: 09:12:33 [TUniGUISessionManager]:Stopping Cache Eraser...
BackEndSoftArena.exe: 00002C1C: 09:12:33 [TUniGUISessionManager]:Cache Eraser Stopped.
BackEndSoftArena.exe: 00002C1C: 09:12:33 [TUniGUISessionManager]:Destroying Worker Threads.
BackEndSoftArena.exe: 00002C1C: 09:12:33 [TUniGUISessionManager]:Session manager terminated.
BackEndSoftArena.exe: 00002C1C: 09:12:33 [TUniServerModule]:Server Shutdown Completed.
BackEndSoftArena.exe: 00002C1C: 09:12:33 []:<-------------------------------------------------------------->
BackEndSoftArena.exe: 00002C1C: 09:12:33 [Terminated]:Exit Code: 0
BackEndSoftArena.exe: 00000834: 09:12:50 []:>--------------------------------------------------------------<
BackEndSoftArena.exe: 00000834: 09:12:50 [TUniServerModule]:Server First Init.
BackEndSoftArena.exe: 00000834: 09:12:50 [TUniServerModule]:Erasing Cache Folder...
BackEndSoftArena.exe: 00000834: 09:12:50 [TUniServerModule]:Cache Folder Erased. <0> Files deleted.
BackEndSoftArena.exe: 00000834: 09:12:50 [TUniServerModule]:Starting HTTP Server...
BackEndSoftArena.exe: 00000834: 09:12:50 [TUniServerModule]:HTTP Server Started. Port: 8077
BackEndSoftArena.exe: 00000834: 09:17:39 [TUniServerModule]:Shutting Down Server.
BackEndSoftArena.exe: 00000834: 09:17:39 [TUniServerModule]:HTTP Server Stopped.
BackEndSoftArena.exe: 00000834: 09:17:39 [TUniGUISessionManager]:Terminating Session manager.
BackEndSoftArena.exe: 00000834: 09:17:39 [TUniGUISessionManager]:Stopping Cache Eraser...
BackEndSoftArena.exe: 00000834: 09:17:39 [TUniGUISessionManager]:Cache Eraser Stopped.
BackEndSoftArena.exe: 00000834: 09:17:39 [TUniGUISessionManager]:Destroying Worker Threads.
BackEndSoftArena.exe: 00000834: 09:17:39 [TUniGUISessionManager]:Session manager terminated.
BackEndSoftArena.exe: 00000834: 09:17:39 [TUniServerModule]:Server Shutdown Completed.
BackEndSoftArena.exe: 00000834: 09:17:39 []:<-------------------------------------------------------------->
BackEndSoftArena.exe: 00000834: 09:17:39 [Terminated]:Exit Code: 0
BackEndSoftArena.exe: 00001D40: 09:17:51 []:>--------------------------------------------------------------<
BackEndSoftArena.exe: 00001D40: 09:17:51 [TUniServerModule]:Server First Init.
BackEndSoftArena.exe: 00001D40: 09:17:51 [TUniServerModule]:Erasing Cache Folder...
BackEndSoftArena.exe: 00001D40: 09:17:51 [TUniServerModule]:Cache Folder Erased. <0> Files deleted.
BackEndSoftArena.exe: 00001D40: 09:17:51 [TUniServerModule]:Starting HTTP Server...
BackEndSoftArena.exe: 00001D40: 09:17:51 [TUniServerModule]:HTTP Server Started. Port: 8077
BackEndSoftArena.exe: 00001D40: 09:21:08 [TUniServerModule]:Shutting Down Server.
BackEndSoftArena.exe: 00001D40: 09:21:08 [TUniServerModule]:HTTP Server Stopped.
BackEndSoftArena.exe: 00001D40: 09:21:08 [TUniGUISessionManager]:Terminating Session manager.
BackEndSoftArena.exe: 00001D40: 09:21:08 [TUniGUISessionManager]:Stopping Cache Eraser...
BackEndSoftArena.exe: 00001D40: 09:21:08 [TUniGUISessionManager]:Cache Eraser Stopped.
BackEndSoftArena.exe: 00001D40: 09:21:08 [TUniGUISessionManager]:Destroying Worker Threads.
BackEndSoftArena.exe: 00001D40: 09:21:08 [TUniGUISessionManager]:Session manager terminated.
BackEndSoftArena.exe: 00001D40: 09:21:08 [TUniServerModule]:Server Shutdown Completed.
BackEndSoftArena.exe: 00001D40: 09:21:08 []:<-------------------------------------------------------------->
BackEndSoftArena.exe: 00001D40: 09:21:08 [Terminated]:Exit Code: 0
BackEndSoftArena.exe: 000007CC: 09:21:20 []:>--------------------------------------------------------------<
BackEndSoftArena.exe: 000007CC: 09:21:20 [TUniServerModule]:Server First Init.
BackEndSoftArena.exe: 000007CC: 09:21:20 [TUniServerModule]:Erasing Cache Folder...
BackEndSoftArena.exe: 000007CC: 09:21:20 [TUniServerModule]:Cache Folder Erased. <0> Files deleted.
BackEndSoftArena.exe: 000007CC: 09:21:20 [TUniServerModule]:Starting HTTP Server...
BackEndSoftArena.exe: 000007CC: 09:21:21 [TUniServerModule]:HTTP Server Started. Port: 8077
BackEndSoftArena.exe: 00001418: 09:21:22 [127.0.0.1]:EUniSessionException : Invalid session or session Timeout. : Addr: $007710D2
BackEndSoftArena.exe: 000007CC: 09:56:54 [TUniServerModule]:Shutting Down Server.
BackEndSoftArena.exe: 000007CC: 09:56:54 [TUniServerModule]:HTTP Server Stopped.
BackEndSoftArena.exe: 000007CC: 09:56:54 [TUniGUISessionManager]:Terminating Session manager.
BackEndSoftArena.exe: 000007CC: 09:56:54 [TUniGUISessionManager]:Stopping Cache Eraser...
BackEndSoftArena.exe: 000007CC: 09:56:54 [TUniGUISessionManager]:Cache Eraser Stopped.
BackEndSoftArena.exe: 000007CC: 09:56:54 [TUniGUISessionManager]:Destroying Worker Threads.
BackEndSoftArena.exe: 000007CC: 09:56:55 [TUniGUISessionManager]:Session manager terminated.
BackEndSoftArena.exe: 000007CC: 09:56:55 [TUniServerModule]:Server Shutdown Completed.
BackEndSoftArena.exe: 000007CC: 09:56:55 []:<-------------------------------------------------------------->
BackEndSoftArena.exe: 000007CC: 09:56:55 [Terminated]:Exit Code: 0
BackEndSoftArena.exe: 00003124: 09:57:07 []:>--------------------------------------------------------------<
BackEndSoftArena.exe: 00003124: 09:57:07 [TUniServerModule]:Server First Init.
BackEndSoftArena.exe: 00003124: 09:57:07 [TUniServerModule]:Erasing Cache Folder...
BackEndSoftArena.exe: 00003124: 09:57:07 [TUniServerModule]:Cache Folder Erased. <0> Files deleted.
BackEndSoftArena.exe: 00003124: 09:57:08 [TUniServerModule]:Starting HTTP Server...
BackEndSoftArena.exe: 00003124: 09:57:08 [TUniServerModule]:HTTP Server Started. Port: 8077
BackEndSoftArena.exe: 0000264C: 09:57:08 [127.0.0.1]:EUniSessionException : Invalid session or session Timeout. : Addr: $007710D2
BackEndSoftArena.exe: 0000264C: 09:57:08 [127.0.0.1]:EUniSessionException : Invalid session or session Timeout. : Addr: $007710D2
BackEndSoftArena.exe: 00001880: 09:57:09 [127.0.0.1]:EUniSessionException : Invalid session or session Timeout. : Addr: $007710D2
BackEndSoftArena.exe: 00000E34: 10:20:23 [127.0.0.1]:EUniSessionException : Invalid session or session Timeout. : Addr: $007710D2
BackEndSoftArena.exe: 00001524: 10:20:25 [127.0.0.1]:EUniSessionException : Invalid session or session Timeout. : Addr: $007710D2
BackEndSoftArena.exe: 00003124: 10:24:54 [TUniServerModule]:Shutting Down Server.
BackEndSoftArena.exe: 00003124: 10:24:55 [TUniServerModule]:HTTP Server Stopped.
BackEndSoftArena.exe: 00003124: 10:24:55 [TUniGUISessionManager]:Terminating Session manager.
BackEndSoftArena.exe: 00003124: 10:24:55 [TUniGUISessionManager]:Stopping Cache Eraser...
BackEndSoftArena.exe: 00003124: 10:24:55 [TUniGUISessionManager]:Cache Eraser Stopped.
BackEndSoftArena.exe: 00003124: 10:24:55 [TUniGUISessionManager]:Destroying Worker Threads.
BackEndSoftArena.exe: 00003124: 10:24:55 [TUniGUISessionManager]:Session manager terminated.
BackEndSoftArena.exe: 00003124: 10:24:55 [TUniServerModule]:Server Shutdown Completed.
BackEndSoftArena.exe: 00003124: 10:24:55 []:<-------------------------------------------------------------->
BackEndSoftArena.exe: 00003124: 10:24:55 [Terminated]:Exit Code: 0
BackEndSoftArena.exe: 00001AE0: 10:25:09 []:>--------------------------------------------------------------<
BackEndSoftArena.exe: 00001AE0: 10:25:09 [TUniServerModule]:Server First Init.
BackEndSoftArena.exe: 00001AE0: 10:25:09 [TUniServerModule]:Erasing Cache Folder...
BackEndSoftArena.exe: 00001AE0: 10:25:09 [TUniServerModule]:Cache Folder Erased. <0> Files deleted.
BackEndSoftArena.exe: 00001AE0: 10:25:09 [TUniServerModule]:Starting HTTP Server...
BackEndSoftArena.exe: 00001AE0: 10:25:09 [TUniServerModule]:HTTP Server Started. Port: 8077
BackEndSoftArena.exe: 00001AE0: 10:42:38 [TUniServerModule]:Shutting Down Server.
BackEndSoftArena.exe: 00001AE0: 10:42:39 [TUniServerModule]:HTTP Server Stopped.
BackEndSoftArena.exe: 00001AE0: 10:42:39 [TUniGUISessionManager]:Terminating Session manager.
BackEndSoftArena.exe: 00001AE0: 10:42:39 [TUniGUISessionManager]:Stopping Cache Eraser...
BackEndSoftArena.exe: 00001AE0: 10:42:39 [TUniGUISessionManager]:Cache Eraser Stopped.
BackEndSoftArena.exe: 00001AE0: 10:42:39 [TUniGUISessionManager]:Destroying Worker Threads.
BackEndSoftArena.exe: 00001AE0: 10:42:39 [TUniGUISessionManager]:Session manager terminated.
BackEndSoftArena.exe: 00001AE0: 10:42:39 [TUniServerModule]:Server Shutdown Completed.
BackEndSoftArena.exe: 00001AE0: 10:42:39 []:<-------------------------------------------------------------->
BackEndSoftArena.exe: 00001AE0: 10:42:39 [Terminated]:Exit Code: 0
BackEndSoftArena.exe: 00002BC4: 10:42:52 []:>--------------------------------------------------------------<
BackEndSoftArena.exe: 00002BC4: 10:42:52 [TUniServerModule]:Server First Init.
BackEndSoftArena.exe: 00002BC4: 10:42:52 [TUniServerModule]:Erasing Cache Folder...
BackEndSoftArena.exe: 00002BC4: 10:42:52 [TUniServerModule]:Cache Folder Erased. <0> Files deleted.
BackEndSoftArena.exe: 00002BC4: 10:42:52 [TUniServerModule]:Starting HTTP Server...
BackEndSoftArena.exe: 00002BC4: 10:42:52 [TUniServerModule]:HTTP Server Started. Port: 8077
BackEndSoftArena.exe: 00002D78: 10:42:52 [127.0.0.1]:EUniSessionException : Invalid session or session Timeout. : Addr: $007710D2
BackEndSoftArena.exe: 00002D78: 10:42:52 [127.0.0.1]:EUniSessionException : Invalid session or session Timeout. : Addr: $007710D2
BackEndSoftArena.exe: 00002D78: 10:42:54 [127.0.0.1]:EUniSessionException : Invalid session or session Timeout. : Addr: $007710D2
BackEndSoftArena.exe: 00002BC4: 10:44:21 [TUniServerModule]:Shutting Down Server.
BackEndSoftArena.exe: 00001D60: 10:44:22 [Indy]:EIdNotConnected : Not Connected : Addr: $006DF6F2
BackEndSoftArena.exe: 00002D78: 10:44:22 [Indy]:EIdNotConnected : Not Connected : Addr: $006DF6F2
BackEndSoftArena.exe: 00002BC4: 10:44:22 [TUniServerModule]:HTTP Server Stopped.
BackEndSoftArena.exe: 00002BC4: 10:44:22 [TUniGUISessionManager]:Terminating Session manager.
BackEndSoftArena.exe: 00002BC4: 10:44:22 [TUniGUISessionManager]:Stopping Cache Eraser...
BackEndSoftArena.exe: 00002BC4: 10:44:22 [TUniGUISessionManager]:Cache Eraser Stopped.
BackEndSoftArena.exe: 00002BC4: 10:44:22 [TUniGUISessionManager]:Destroying Worker Threads.
BackEndSoftArena.exe: 00002BC4: 10:44:22 [TUniGUISessionManager]:Session manager terminated.
BackEndSoftArena.exe: 00002BC4: 10:44:22 [TUniServerModule]:Server Shutdown Completed.
BackEndSoftArena.exe: 00002BC4: 10:44:22 []:<-------------------------------------------------------------->
BackEndSoftArena.exe: 00002BC4: 10:44:23 [Terminated]:Exit Code: 0
BackEndSoftArena.exe: 00001A48: 10:44:33 []:>--------------------------------------------------------------<
BackEndSoftArena.exe: 00001A48: 10:44:33 [TUniServerModule]:Server First Init.
BackEndSoftArena.exe: 00001A48: 10:44:33 [TUniServerModule]:Erasing Cache Folder...
BackEndSoftArena.exe: 00001A48: 10:44:33 [TUniServerModule]:Cache Folder Erased. <0> Files deleted.
BackEndSoftArena.exe: 00001A48: 10:44:33 [TUniServerModule]:Starting HTTP Server...
BackEndSoftArena.exe: 00001A48: 10:44:33 [TUniServerModule]:HTTP Server Started. Port: 8077
BackEndSoftArena.exe: 00001410: 10:44:41 [127.0.0.1]:EUniSessionException : Invalid session or session Timeout. : Addr: $007710D2
BackEndSoftArena.exe: 00001410: 10:44:42 [127.0.0.1]:EUniSessionException : Invalid session or session Timeout. : Addr: $007710D2
BackEndSoftArena.exe: 000004E4: 10:44:43 [127.0.0.1]:EUniSessionException : Invalid session or session Timeout. : Addr: $007710D2
BackEndSoftArena.exe: 00001A48: 10:46:27 [TUniServerModule]:Shutting Down Server.
BackEndSoftArena.exe: 00001A48: 10:46:28 [TUniServerModule]:HTTP Server Stopped.
BackEndSoftArena.exe: 00001A48: 10:46:28 [TUniGUISessionManager]:Terminating Session manager.
BackEndSoftArena.exe: 00001A48: 10:46:28 [TUniGUISessionManager]:Stopping Cache Eraser...
BackEndSoftArena.exe: 00001A48: 10:46:28 [TUniGUISessionManager]:Cache Eraser Stopped.
BackEndSoftArena.exe: 00001A48: 10:46:28 [TUniGUISessionManager]:Destroying Worker Threads.
BackEndSoftArena.exe: 00001A48: 10:46:28 [TUniGUISessionManager]:Session manager terminated.
BackEndSoftArena.exe: 00001A48: 10:46:28 [TUniServerModule]:Server Shutdown Completed.
BackEndSoftArena.exe: 00001A48: 10:46:28 []:<-------------------------------------------------------------->
BackEndSoftArena.exe: 00001A48: 10:46:28 [Terminated]:Exit Code: 0
BackEndSoftArena.exe: 00003318: 10:46:38 []:>--------------------------------------------------------------<
BackEndSoftArena.exe: 00003318: 10:46:38 [TUniServerModule]:Server First Init.
BackEndSoftArena.exe: 00003318: 10:46:38 [TUniServerModule]:Erasing Cache Folder...
BackEndSoftArena.exe: 00003318: 10:46:38 [TUniServerModule]:Cache Folder Erased. <0> Files deleted.
BackEndSoftArena.exe: 00003318: 10:46:38 [TUniServerModule]:Starting HTTP Server...
BackEndSoftArena.exe: 00003318: 10:46:38 [TUniServerModule]:HTTP Server Started. Port: 8077
BackEndSoftArena.exe: 00002068: 10:46:38 [127.0.0.1]:EUniSessionException : Invalid session or session Timeout. : Addr: $007710D2
BackEndSoftArena.exe: 00002068: 10:46:38 [127.0.0.1]:EUniSessionException : Invalid session or session Timeout. : Addr: $007710D2
BackEndSoftArena.exe: 00002CF4: 10:46:39 [127.0.0.1]:EUniSessionException : Invalid session or session Timeout. : Addr: $007710D2
BackEndSoftArena.exe: 00003318: 10:49:36 [TUniServerModule]:Shutting Down Server.
BackEndSoftArena.exe: 000023E4: 10:50:25 []:>--------------------------------------------------------------<
BackEndSoftArena.exe: 000023E4: 10:50:25 [TUniServerModule]:Server First Init.
BackEndSoftArena.exe: 000023E4: 10:50:25 [TUniServerModule]:Erasing Cache Folder...
BackEndSoftArena.exe: 000023E4: 10:50:25 [TUniServerModule]:Cache Folder Erased. <21> Files deleted.
BackEndSoftArena.exe: 000023E4: 10:50:25 [TUniServerModule]:Starting HTTP Server...
BackEndSoftArena.exe: 000023E4: 10:50:25 [TUniServerModule]:HTTP Server Started. Port: 8077
BackEndSoftArena.exe: 000023E4: 10:53:53 [TUniServerModule]:Shutting Down Server.
BackEndSoftArena.exe: 000023E4: 10:53:53 [TUniServerModule]:HTTP Server Stopped.
BackEndSoftArena.exe: 000023E4: 10:53:53 [TUniGUISessionManager]:Terminating Session manager.
BackEndSoftArena.exe: 000023E4: 10:53:53 [TUniGUISessionManager]:Stopping Cache Eraser...
BackEndSoftArena.exe: 000023E4: 10:53:53 [TUniGUISessionManager]:Cache Eraser Stopped.
BackEndSoftArena.exe: 000023E4: 10:53:53 [TUniGUISessionManager]:Destroying Worker Threads.
BackEndSoftArena.exe: 000023E4: 10:53:53 [TUniGUISessionManager]:Session manager terminated.
BackEndSoftArena.exe: 000023E4: 10:53:53 [TUniServerModule]:Server Shutdown Completed.
BackEndSoftArena.exe: 000023E4: 10:53:53 []:<-------------------------------------------------------------->
BackEndSoftArena.exe: 000023E4: 10:53:53 [Terminated]:Exit Code: 0
BackEndSoftArena.exe: 00000CE0: 10:54:04 []:>--------------------------------------------------------------<
BackEndSoftArena.exe: 00000CE0: 10:54:04 [TUniServerModule]:Server First Init.
BackEndSoftArena.exe: 00000CE0: 10:54:04 [TUniServerModule]:Erasing Cache Folder...
BackEndSoftArena.exe: 00000CE0: 10:54:04 [TUniServerModule]:Cache Folder Erased. <0> Files deleted.
BackEndSoftArena.exe: 00000CE0: 10:54:04 [TUniServerModule]:Starting HTTP Server...
BackEndSoftArena.exe: 00000CE0: 10:54:04 [TUniServerModule]:HTTP Server Started. Port: 8077
BackEndSoftArena.exe: 00002050: 10:54:04 [127.0.0.1]:EUniSessionException : Invalid session or session Timeout. : Addr: $007710D2
BackEndSoftArena.exe: 00002050: 10:54:04 [127.0.0.1]:EUniSessionException : Invalid session or session Timeout. : Addr: $007710D2
BackEndSoftArena.exe: 00002A04: 10:54:06 [127.0.0.1]:EUniSessionException : Invalid session or session Timeout. : Addr: $007710D2
BackEndSoftArena.exe: 00000CE0: 10:55:19 [TUniServerModule]:Shutting Down Server.
BackEndSoftArena.exe: 00002E30: 10:55:20 [Indy]:EIdNotConnected : Not Connected : Addr: $006DF6F2
BackEndSoftArena.exe: 00001F38: 10:55:20 [Indy]:EIdNotConnected : Not Connected : Addr: $006DF6F2
BackEndSoftArena.exe: 00002050: 10:55:20 [Indy]:EIdNotConnected : Not Connected : Addr: $006DF6F2
BackEndSoftArena.exe: 00000CE0: 10:55:20 [TUniServerModule]:HTTP Server Stopped.
BackEndSoftArena.exe: 00000CE0: 10:55:20 [TUniGUISessionManager]:Terminating Session manager.
BackEndSoftArena.exe: 00000CE0: 10:55:20 [TUniGUISessionManager]:Stopping Cache Eraser...
BackEndSoftArena.exe: 00000CE0: 10:55:20 [TUniGUISessionManager]:Cache Eraser Stopped.
BackEndSoftArena.exe: 00000CE0: 10:55:20 [TUniGUISessionManager]:Destroying Worker Threads.
BackEndSoftArena.exe: 00000CE0: 10:55:20 [TUniGUISessionManager]:Session manager terminated.
BackEndSoftArena.exe: 00000CE0: 10:55:20 [TUniServerModule]:Server Shutdown Completed.
BackEndSoftArena.exe: 00000CE0: 10:55:20 []:<-------------------------------------------------------------->
BackEndSoftArena.exe: 00000CE0: 10:55:20 [Terminated]:Exit Code: 0
BackEndSoftArena.exe: 00003078: 10:55:44 []:>--------------------------------------------------------------<
BackEndSoftArena.exe: 00003078: 10:55:44 [TUniServerModule]:Server First Init.
BackEndSoftArena.exe: 00003078: 10:55:44 [TUniServerModule]:Erasing Cache Folder...
BackEndSoftArena.exe: 00003078: 10:55:44 [TUniServerModule]:Cache Folder Erased. <0> Files deleted.
BackEndSoftArena.exe: 00003078: 10:55:44 [TUniServerModule]:Starting HTTP Server...
BackEndSoftArena.exe: 00003078: 10:55:44 [TUniServerModule]:HTTP Server Started. Port: 8077
BackEndSoftArena.exe: 00002264: 10:55:45 [127.0.0.1]:EUniSessionException : Invalid session or session Timeout. : Addr: $007710D2
BackEndSoftArena.exe: 00002264: 10:55:45 [127.0.0.1]:EUniSessionException : Invalid session or session Timeout. : Addr: $007710D2
BackEndSoftArena.exe: 00002264: 10:55:45 [127.0.0.1]:EUniSessionException : Invalid session or session Timeout. : Addr: $007710D2
BackEndSoftArena.exe: 00001DC8: 10:55:45 [127.0.0.1]:EUniSessionException : Invalid session or session Timeout. : Addr: $007710D2
BackEndSoftArena.exe: 000025C4: 10:55:46 [127.0.0.1]:EUniSessionException : Invalid session or session Timeout. : Addr: $007710D2
BackEndSoftArena.exe: 00003078: 10:57:02 [TUniServerModule]:Shutting Down Server.
BackEndSoftArena.exe: 00002264: 10:57:02 [Indy]:EIdNotConnected : Not Connected : Addr: $006DF6F2
BackEndSoftArena.exe: 00000B88: 10:57:02 [Indy]:EIdNotConnected : Not Connected : Addr: $006DF6F2
BackEndSoftArena.exe: 00003078: 10:57:03 [TUniServerModule]:HTTP Server Stopped.
BackEndSoftArena.exe: 00003078: 10:57:03 [TUniGUISessionManager]:Terminating Session manager.
BackEndSoftArena.exe: 00003078: 10:57:03 [TUniGUISessionManager]:Stopping Cache Eraser...
BackEndSoftArena.exe: 00003078: 10:57:03 [TUniGUISessionManager]:Cache Eraser Stopped.
BackEndSoftArena.exe: 00003078: 10:57:03 [TUniGUISessionManager]:Destroying Worker Threads.
BackEndSoftArena.exe: 00003078: 10:57:03 [TUniGUISessionManager]:Session manager terminated.
BackEndSoftArena.exe: 00003078: 10:57:03 [TUniServerModule]:Server Shutdown Completed.
BackEndSoftArena.exe: 00003078: 10:57:03 []:<-------------------------------------------------------------->
BackEndSoftArena.exe: 00003078: 10:57:03 [Terminated]:Exit Code: 0
BackEndSoftArena.exe: 00000408: 10:57:27 []:>--------------------------------------------------------------<
BackEndSoftArena.exe: 00000408: 10:57:27 [TUniServerModule]:Server First Init.
BackEndSoftArena.exe: 00000408: 10:57:27 [TUniServerModule]:Erasing Cache Folder...
BackEndSoftArena.exe: 00000408: 10:57:27 [TUniServerModule]:Cache Folder Erased. <0> Files deleted.
BackEndSoftArena.exe: 00000408: 10:57:27 [TUniServerModule]:Starting HTTP Server...
BackEndSoftArena.exe: 00000408: 10:57:27 [TUniServerModule]:HTTP Server Started. Port: 8077
BackEndSoftArena.exe: 0000285C: 10:57:28 [127.0.0.1]:EUniSessionException : Invalid session or session Timeout. : Addr: $007710D2
BackEndSoftArena.exe: 00003040: 10:57:31 [127.0.0.1]:EUniSessionException : Invalid session or session Timeout. : Addr: $007710D2
BackEndSoftArena.exe: 00000408: 10:59:39 [TUniServerModule]:Shutting Down Server.
BackEndSoftArena.exe: 00000408: 10:59:39 [TUniServerModule]:HTTP Server Stopped.
BackEndSoftArena.exe: 00000408: 10:59:39 [TUniGUISessionManager]:Terminating Session manager.
BackEndSoftArena.exe: 00000408: 10:59:39 [TUniGUISessionManager]:Stopping Cache Eraser...
BackEndSoftArena.exe: 00000408: 10:59:39 [TUniGUISessionManager]:Cache Eraser Stopped.
BackEndSoftArena.exe: 00000408: 10:59:40 [TUniGUISessionManager]:Destroying Worker Threads.
BackEndSoftArena.exe: 00000408: 10:59:40 [TUniGUISessionManager]:Session manager terminated.
BackEndSoftArena.exe: 00000408: 10:59:40 [TUniServerModule]:Server Shutdown Completed.
BackEndSoftArena.exe: 00000408: 10:59:40 []:<-------------------------------------------------------------->
BackEndSoftArena.exe: 00000408: 10:59:40 [Terminated]:Exit Code: 0
BackEndSoftArena.exe: 000021E4: 11:08:59 []:>--------------------------------------------------------------<
BackEndSoftArena.exe: 000021E4: 11:08:59 [TUniServerModule]:Server First Init.
BackEndSoftArena.exe: 000021E4: 11:08:59 [TUniServerModule]:Erasing Cache Folder...
BackEndSoftArena.exe: 000021E4: 11:08:59 [TUniServerModule]:Cache Folder Erased. <0> Files deleted.
BackEndSoftArena.exe: 000021E4: 11:08:59 [TUniServerModule]:Starting HTTP Server...
BackEndSoftArena.exe: 000021E4: 11:08:59 [TUniServerModule]:HTTP Server Started. Port: 8077
BackEndSoftArena.exe: 00002B58: 11:09:11 [127.0.0.1]:EUniSessionException : Invalid session or session Timeout. : Addr: $007710D2
BackEndSoftArena.exe: 000025AC: 11:09:12 [127.0.0.1]:EUniSessionException : Invalid session or session Timeout. : Addr: $007710D2
BackEndSoftArena.exe: 000021E4: 11:10:55 [TUniServerModule]:Shutting Down Server.
BackEndSoftArena.exe: 00003294: 11:10:55 [Indy]:EIdNotConnected : Not Connected : Addr: $006DF6F2
BackEndSoftArena.exe: 00002B58: 11:10:55 [Indy]:EIdNotConnected : Not Connected : Addr: $006DF6F2
BackEndSoftArena.exe: 000021E4: 11:10:56 [TUniServerModule]:HTTP Server Stopped.
BackEndSoftArena.exe: 000021E4: 11:10:56 [TUniGUISessionManager]:Terminating Session manager.
BackEndSoftArena.exe: 000021E4: 11:10:56 [TUniGUISessionManager]:Stopping Cache Eraser...
BackEndSoftArena.exe: 000021E4: 11:10:56 [TUniGUISessionManager]:Cache Eraser Stopped.
BackEndSoftArena.exe: 000021E4: 11:10:56 [TUniGUISessionManager]:Destroying Worker Threads.
BackEndSoftArena.exe: 000021E4: 11:10:56 [TUniGUISessionManager]:Session manager terminated.
BackEndSoftArena.exe: 000021E4: 11:10:56 [TUniServerModule]:Server Shutdown Completed.
BackEndSoftArena.exe: 000021E4: 11:10:56 []:<-------------------------------------------------------------->
BackEndSoftArena.exe: 000021E4: 11:10:56 [Terminated]:Exit Code: 0
BackEndSoftArena.exe: 00002FC4: 11:11:25 []:>--------------------------------------------------------------<
BackEndSoftArena.exe: 00002FC4: 11:11:25 [TUniServerModule]:Server First Init.
BackEndSoftArena.exe: 00002FC4: 11:11:25 [TUniServerModule]:Erasing Cache Folder...
BackEndSoftArena.exe: 00002FC4: 11:11:25 [TUniServerModule]:Cache Folder Erased. <0> Files deleted.
BackEndSoftArena.exe: 00002FC4: 11:11:25 [TUniServerModule]:Starting HTTP Server...
BackEndSoftArena.exe: 00002FC4: 11:11:25 [TUniServerModule]:HTTP Server Started. Port: 8077
BackEndSoftArena.exe: 00001A10: 11:11:25 [127.0.0.1]:EUniSessionException : Invalid session or session Timeout. : Addr: $007710D2
BackEndSoftArena.exe: 00001FA8: 11:11:25 [127.0.0.1]:EUniSessionException : Invalid session or session Timeout. : Addr: $007710D2
BackEndSoftArena.exe: 00001FA8: 11:11:25 [127.0.0.1]:EUniSessionException : Invalid session or session Timeout. : Addr: $007710D2
BackEndSoftArena.exe: 00001A10: 11:11:27 [127.0.0.1]:EUniSessionException : Invalid session or session Timeout. : Addr: $007710D2
BackEndSoftArena.exe: 00002FC4: 11:17:51 [TUniServerModule]:Shutting Down Server.
BackEndSoftArena.exe: 00002FC4: 11:17:52 [TUniServerModule]:HTTP Server Stopped.
BackEndSoftArena.exe: 00002FC4: 11:17:52 [TUniGUISessionManager]:Terminating Session manager.
BackEndSoftArena.exe: 00002FC4: 11:17:52 [TUniGUISessionManager]:Stopping Cache Eraser...
BackEndSoftArena.exe: 00002FC4: 11:17:52 [TUniGUISessionManager]:Cache Eraser Stopped.
BackEndSoftArena.exe: 00002FC4: 11:17:52 [TUniGUISessionManager]:Destroying Worker Threads.
BackEndSoftArena.exe: 00002FC4: 11:17:52 [TUniGUISessionManager]:Session manager terminated.
BackEndSoftArena.exe: 00002FC4: 11:17:52 [TUniServerModule]:Server Shutdown Completed.
BackEndSoftArena.exe: 00002FC4: 11:17:52 []:<-------------------------------------------------------------->
BackEndSoftArena.exe: 00002FC4: 11:17:52 [Terminated]:Exit Code: 0
BackEndSoftArena.exe: 00002028: 11:18:02 []:>--------------------------------------------------------------<
BackEndSoftArena.exe: 00002028: 11:18:02 [TUniServerModule]:Server First Init.
BackEndSoftArena.exe: 00002028: 11:18:02 [TUniServerModule]:Erasing Cache Folder...
BackEndSoftArena.exe: 00002028: 11:18:02 [TUniServerModule]:Cache Folder Erased. <0> Files deleted.
BackEndSoftArena.exe: 00002028: 11:18:03 [TUniServerModule]:Starting HTTP Server...
BackEndSoftArena.exe: 00002028: 11:18:03 [TUniServerModule]:HTTP Server Started. Port: 8077
BackEndSoftArena.exe: 0000241C: 11:18:04 [127.0.0.1]:EUniSessionException : Invalid session or session Timeout. : Addr: $007710D2
BackEndSoftArena.exe: 00002028: 11:23:45 [TUniServerModule]:Shutting Down Server.
BackEndSoftArena.exe: 00002028: 11:23:45 [TUniServerModule]:HTTP Server Stopped.
BackEndSoftArena.exe: 00002028: 11:23:45 [TUniGUISessionManager]:Terminating Session manager.
BackEndSoftArena.exe: 00002028: 11:23:45 [TUniGUISessionManager]:Stopping Cache Eraser...
BackEndSoftArena.exe: 00002028: 11:23:45 [TUniGUISessionManager]:Cache Eraser Stopped.
BackEndSoftArena.exe: 00002028: 11:23:45 [TUniGUISessionManager]:Destroying Worker Threads.
BackEndSoftArena.exe: 00002028: 11:23:45 [TUniGUISessionManager]:Session manager terminated.
BackEndSoftArena.exe: 00002028: 11:23:45 [TUniServerModule]:Server Shutdown Completed.
BackEndSoftArena.exe: 00002028: 11:23:45 []:<-------------------------------------------------------------->
BackEndSoftArena.exe: 00002028: 11:23:45 [Terminated]:Exit Code: 0
BackEndSoftArena.exe: 00000D10: 11:24:06 []:>--------------------------------------------------------------<
BackEndSoftArena.exe: 00000D10: 11:24:06 [TUniServerModule]:Server First Init.
BackEndSoftArena.exe: 00000D10: 11:24:06 [TUniServerModule]:Erasing Cache Folder...
BackEndSoftArena.exe: 00000D10: 11:24:06 [TUniServerModule]:Cache Folder Erased. <0> Files deleted.
BackEndSoftArena.exe: 00000D10: 11:24:06 [TUniServerModule]:Starting HTTP Server...
BackEndSoftArena.exe: 00000D10: 11:24:06 [TUniServerModule]:HTTP Server Started. Port: 8077
BackEndSoftArena.exe: 00001CA8: 11:24:08 [127.0.0.1]:EUniSessionException : Invalid session or session Timeout. : Addr: $007710D2
BackEndSoftArena.exe: 00001CA8: 11:24:08 [127.0.0.1]:EUniSessionException : Invalid session or session Timeout. : Addr: $007710D2
BackEndSoftArena.exe: 00002B2C: 11:24:10 [127.0.0.1]:EUniSessionException : Invalid session or session Timeout. : Addr: $007710D2
BackEndSoftArena.exe: 00001CA8: 11:24:42 [127.0.0.1]:EUniSessionException : Invalid session or session Timeout. : Addr: $007710D2
BackEndSoftArena.exe: 00000D10: 11:25:35 [TUniServerModule]:Shutting Down Server.
BackEndSoftArena.exe: 00002B2C: 11:25:36 [Indy]:EIdNotConnected : Not Connected : Addr: $006DF6F2
BackEndSoftArena.exe: 000032E8: 11:25:36 [Indy]:EIdNotConnected : Not Connected : Addr: $006DF6F2
BackEndSoftArena.exe: 00001CA8: 11:25:36 [Indy]:EIdNotConnected : Not Connected : Addr: $006DF6F2
BackEndSoftArena.exe: 00000D10: 11:25:36 [TUniServerModule]:HTTP Server Stopped.
BackEndSoftArena.exe: 00000D10: 11:25:36 [TUniGUISessionManager]:Terminating Session manager.
BackEndSoftArena.exe: 00000D10: 11:25:36 [TUniGUISessionManager]:Stopping Cache Eraser...
BackEndSoftArena.exe: 00000D10: 11:25:36 [TUniGUISessionManager]:Cache Eraser Stopped.
BackEndSoftArena.exe: 00000D10: 11:25:36 [TUniGUISessionManager]:Destroying Worker Threads.
BackEndSoftArena.exe: 00000D10: 11:25:36 [TUniGUISessionManager]:Session manager terminated.
BackEndSoftArena.exe: 00000D10: 11:25:36 [TUniServerModule]:Server Shutdown Completed.
BackEndSoftArena.exe: 00000D10: 11:25:36 []:<-------------------------------------------------------------->
BackEndSoftArena.exe: 00000D10: 11:25:36 [Terminated]:Exit Code: 0
BackEndSoftArena.exe: 00002164: 11:25:54 []:>--------------------------------------------------------------<
BackEndSoftArena.exe: 00002164: 11:25:54 [TUniServerModule]:Server First Init.
BackEndSoftArena.exe: 00002164: 11:25:54 [TUniServerModule]:Erasing Cache Folder...
BackEndSoftArena.exe: 00002164: 11:25:54 [TUniServerModule]:Cache Folder Erased. <0> Files deleted.
BackEndSoftArena.exe: 00002164: 11:25:54 [TUniServerModule]:Starting HTTP Server...
BackEndSoftArena.exe: 00002164: 11:25:54 [TUniServerModule]:HTTP Server Started. Port: 8077
BackEndSoftArena.exe: 00002D60: 11:25:54 [127.0.0.1]:EUniSessionException : Invalid session or session Timeout. : Addr: $007710D2
BackEndSoftArena.exe: 00002A84: 11:25:55 [127.0.0.1]:EUniSessionException : Invalid session or session Timeout. : Addr: $007710D2
BackEndSoftArena.exe: 00002164: 11:30:00 [TUniServerModule]:Shutting Down Server.
BackEndSoftArena.exe: 00002164: 11:30:00 [TUniServerModule]:HTTP Server Stopped.
BackEndSoftArena.exe: 00002164: 11:30:00 [TUniGUISessionManager]:Terminating Session manager.
BackEndSoftArena.exe: 00002164: 11:30:00 [TUniGUISessionManager]:Stopping Cache Eraser...
BackEndSoftArena.exe: 00002164: 11:30:00 [TUniGUISessionManager]:Cache Eraser Stopped.
BackEndSoftArena.exe: 00002164: 11:30:00 [TUniGUISessionManager]:Destroying Worker Threads.
BackEndSoftArena.exe: 00002164: 11:30:00 [TUniGUISessionManager]:Session manager terminated.
BackEndSoftArena.exe: 00002164: 11:30:00 [TUniServerModule]:Server Shutdown Completed.
BackEndSoftArena.exe: 00002164: 11:30:00 []:<-------------------------------------------------------------->
BackEndSoftArena.exe: 00002164: 11:30:00 [Terminated]:Exit Code: 0
BackEndSoftArena.exe: 00001418: 11:30:16 []:>--------------------------------------------------------------<
BackEndSoftArena.exe: 00001418: 11:30:16 [TUniServerModule]:Server First Init.
BackEndSoftArena.exe: 00001418: 11:30:16 [TUniServerModule]:Erasing Cache Folder...
BackEndSoftArena.exe: 00001418: 11:30:16 [TUniServerModule]:Cache Folder Erased. <0> Files deleted.
BackEndSoftArena.exe: 00001418: 11:30:16 [TUniServerModule]:Starting HTTP Server...
BackEndSoftArena.exe: 00001418: 11:30:16 [TUniServerModule]:HTTP Server Started. Port: 8077
BackEndSoftArena.exe: 00001418: 11:34:53 [TUniServerModule]:Shutting Down Server.
BackEndSoftArena.exe: 00001418: 11:34:54 [TUniServerModule]:HTTP Server Stopped.
BackEndSoftArena.exe: 00001418: 11:34:54 [TUniGUISessionManager]:Terminating Session manager.
BackEndSoftArena.exe: 00001418: 11:34:54 [TUniGUISessionManager]:Stopping Cache Eraser...
BackEndSoftArena.exe: 00001418: 11:34:54 [TUniGUISessionManager]:Cache Eraser Stopped.
BackEndSoftArena.exe: 00001418: 11:34:54 [TUniGUISessionManager]:Destroying Worker Threads.
BackEndSoftArena.exe: 00001418: 11:34:54 [TUniGUISessionManager]:Session manager terminated.
BackEndSoftArena.exe: 00001418: 11:34:54 [TUniServerModule]:Server Shutdown Completed.
BackEndSoftArena.exe: 00001418: 11:34:54 []:<-------------------------------------------------------------->
BackEndSoftArena.exe: 00001418: 11:34:54 [Terminated]:Exit Code: 0
BackEndSoftArena.exe: 00002DC0: 11:35:07 []:>--------------------------------------------------------------<
BackEndSoftArena.exe: 00002DC0: 11:35:07 [TUniServerModule]:Server First Init.
BackEndSoftArena.exe: 00002DC0: 11:35:07 [TUniServerModule]:Erasing Cache Folder...
BackEndSoftArena.exe: 00002DC0: 11:35:07 [TUniServerModule]:Cache Folder Erased. <0> Files deleted.
BackEndSoftArena.exe: 00002DC0: 11:35:07 [TUniServerModule]:Starting HTTP Server...
BackEndSoftArena.exe: 00002DC0: 11:35:07 [TUniServerModule]:HTTP Server Started. Port: 8077
BackEndSoftArena.exe: 000013D8: 11:35:08 [127.0.0.1]:EUniSessionException : Invalid session or session Timeout. : Addr: $007710D2
BackEndSoftArena.exe: 000013D8: 11:35:08 [127.0.0.1]:EUniSessionException : Invalid session or session Timeout. : Addr: $007710D2
BackEndSoftArena.exe: 000013D8: 11:35:09 [127.0.0.1]:EUniSessionException : Invalid session or session Timeout. : Addr: $007710D2
BackEndSoftArena.exe: 00002DC0: 11:41:13 [TUniServerModule]:Shutting Down Server.
BackEndSoftArena.exe: 00002DC0: 11:41:14 [TUniServerModule]:HTTP Server Stopped.
BackEndSoftArena.exe: 00002DC0: 11:41:14 [TUniGUISessionManager]:Terminating Session manager.
BackEndSoftArena.exe: 00002DC0: 11:41:14 [TUniGUISessionManager]:Stopping Cache Eraser...
BackEndSoftArena.exe: 00002DC0: 11:41:14 [TUniGUISessionManager]:Cache Eraser Stopped.
BackEndSoftArena.exe: 00002DC0: 11:41:14 [TUniGUISessionManager]:Destroying Worker Threads.
BackEndSoftArena.exe: 00002DC0: 11:41:14 [TUniGUISessionManager]:Session manager terminated.
BackEndSoftArena.exe: 00002DC0: 11:41:14 [TUniServerModule]:Server Shutdown Completed.
BackEndSoftArena.exe: 00002DC0: 11:41:14 []:<-------------------------------------------------------------->
BackEndSoftArena.exe: 00002DC0: 11:41:14 [Terminated]:Exit Code: 0
BackEndSoftArena.exe: 00002D70: 11:41:28 []:>--------------------------------------------------------------<
BackEndSoftArena.exe: 00002D70: 11:41:28 [TUniServerModule]:Server First Init.
BackEndSoftArena.exe: 00002D70: 11:41:28 [TUniServerModule]:Erasing Cache Folder...
BackEndSoftArena.exe: 00002D70: 11:41:28 [TUniServerModule]:Cache Folder Erased. <0> Files deleted.
BackEndSoftArena.exe: 00002D70: 11:41:28 [TUniServerModule]:Starting HTTP Server...
BackEndSoftArena.exe: 00002D70: 11:41:28 [TUniServerModule]:HTTP Server Started. Port: 8077
BackEndSoftArena.exe: 000025D4: 11:41:28 [127.0.0.1]:EUniSessionException : Invalid session or session Timeout. : Addr: $007710D2
BackEndSoftArena.exe: 00001E18: 11:41:30 [127.0.0.1]:EUniSessionException : Invalid session or session Timeout. : Addr: $007710D2
BackEndSoftArena.exe: 00002878: 11:44:20 [127.0.0.1]:EUniSessionException : Invalid session or session Timeout. : Addr: $007710D2
BackEndSoftArena.exe: 0000120C: 11:46:32 [127.0.0.1]:EUniSessionException : Invalid session or session Timeout. : Addr: $007710D2
BackEndSoftArena.exe: 00002D70: 16:02:31 [TUniServerModule]:Shutting Down Server.
BackEndSoftArena.exe: 00002D70: 16:02:31 [TUniServerModule]:HTTP Server Stopped.
BackEndSoftArena.exe: 00002D70: 16:02:31 [TUniGUISessionManager]:Terminating Session manager.
BackEndSoftArena.exe: 00002D70: 16:02:31 [TUniGUISessionManager]:Stopping Cache Eraser...
BackEndSoftArena.exe: 00002D70: 16:02:31 [TUniGUISessionManager]:Cache Eraser Stopped.
BackEndSoftArena.exe: 00002D70: 16:02:31 [TUniGUISessionManager]:Destroying Worker Threads.
BackEndSoftArena.exe: 00002D70: 16:02:31 [TUniGUISessionManager]:Session manager terminated.
BackEndSoftArena.exe: 00002D70: 16:02:31 [TUniServerModule]:Server Shutdown Completed.
BackEndSoftArena.exe: 00002D70: 16:02:31 []:<-------------------------------------------------------------->
BackEndSoftArena.exe: 00002D70: 16:02:31 [Terminated]:Exit Code: 0
BackEndSoftArena.exe: 00001C18: 16:02:45 []:>--------------------------------------------------------------<
BackEndSoftArena.exe: 00001C18: 16:02:45 [TUniServerModule]:Server First Init.
BackEndSoftArena.exe: 00001C18: 16:02:45 [TUniServerModule]:Erasing Cache Folder...
BackEndSoftArena.exe: 00001C18: 16:02:45 [TUniServerModule]:Cache Folder Erased. <0> Files deleted.
BackEndSoftArena.exe: 00001C18: 16:02:45 [TUniServerModule]:Starting HTTP Server...
BackEndSoftArena.exe: 00001C18: 16:02:45 [TUniServerModule]:HTTP Server Started. Port: 8077
BackEndSoftArena.exe: 00001CBC: 16:02:56 [127.0.0.1]:EUniSessionException : Invalid session or session Timeout. : Addr: $007710D2
BackEndSoftArena.exe: 00000D14: 16:02:57 [127.0.0.1]:EUniSessionException : Invalid session or session Timeout. : Addr: $007710D2
BackEndSoftArena.exe: 00002544: 16:05:01 [127.0.0.1]:EUniSessionException : Invalid session or session Timeout. : Addr: $007710D2
BackEndSoftArena.exe: 00001C18: 16:07:55 [TUniServerModule]:Shutting Down Server.
BackEndSoftArena.exe: 00001C18: 16:07:55 [TUniServerModule]:HTTP Server Stopped.
BackEndSoftArena.exe: 00001C18: 16:07:55 [TUniGUISessionManager]:Terminating Session manager.
BackEndSoftArena.exe: 00001C18: 16:07:55 [TUniGUISessionManager]:Stopping Cache Eraser...
BackEndSoftArena.exe: 00001C18: 16:07:55 [TUniGUISessionManager]:Cache Eraser Stopped.
BackEndSoftArena.exe: 00001C18: 16:07:55 [TUniGUISessionManager]:Destroying Worker Threads.
BackEndSoftArena.exe: 00001C18: 16:07:55 [TUniGUISessionManager]:Session manager terminated.
BackEndSoftArena.exe: 00001C18: 16:07:56 [TUniServerModule]:Server Shutdown Completed.
BackEndSoftArena.exe: 00001C18: 16:07:56 []:<-------------------------------------------------------------->
BackEndSoftArena.exe: 00001C18: 16:07:56 [Terminated]:Exit Code: 0
BackEndSoftArena.exe: 00002A18: 16:08:11 []:>--------------------------------------------------------------<
BackEndSoftArena.exe: 00002A18: 16:08:11 [TUniServerModule]:Server First Init.
BackEndSoftArena.exe: 00002A18: 16:08:11 [TUniServerModule]:Erasing Cache Folder...
BackEndSoftArena.exe: 00002A18: 16:08:11 [TUniServerModule]:Cache Folder Erased. <0> Files deleted.
BackEndSoftArena.exe: 00002A18: 16:08:11 [TUniServerModule]:Starting HTTP Server...
BackEndSoftArena.exe: 00002A18: 16:08:11 [TUniServerModule]:HTTP Server Started. Port: 8077
BackEndSoftArena.exe: 00000B28: 16:08:11 [127.0.0.1]:EUniSessionException : Invalid session or session Timeout. : Addr: $007710D2
BackEndSoftArena.exe: 00001248: 16:08:13 [127.0.0.1]:EUniSessionException : Invalid session or session Timeout. : Addr: $007710D2
BackEndSoftArena.exe: 00001248: 16:09:10 [127.0.0.1]:EUniSessionException : Invalid session or session Timeout. : Addr: $007710D2
BackEndSoftArena.exe: 000001AC: 17:02:25 [127.0.0.1]:EUniSessionException : Invalid session or session Timeout. : Addr: $007710D2
BackEndSoftArena.exe: 000001AC: 17:02:25 [127.0.0.1]:EUniSessionException : Invalid session or session Timeout. : Addr: $007710D2
BackEndSoftArena.exe: 00000928: 17:02:26 [127.0.0.1]:EUniSessionException : Invalid session or session Timeout. : Addr: $007710D2
BackEndSoftArena.exe: 00002A18: 18:18:04 [TUniServerModule]:Shutting Down Server.
BackEndSoftArena.exe: 00002A18: 18:18:04 [TUniServerModule]:HTTP Server Stopped.
BackEndSoftArena.exe: 00002A18: 18:18:04 [TUniGUISessionManager]:Terminating Session manager.
BackEndSoftArena.exe: 00002A18: 18:18:04 [TUniGUISessionManager]:Stopping Cache Eraser...
BackEndSoftArena.exe: 00002A18: 18:18:04 [TUniGUISessionManager]:Cache Eraser Stopped.
BackEndSoftArena.exe: 00002A18: 18:18:04 [TUniGUISessionManager]:Destroying Worker Threads.
BackEndSoftArena.exe: 00002A18: 18:18:04 [TUniGUISessionManager]:Session manager terminated.
BackEndSoftArena.exe: 00002A18: 18:18:04 [TUniServerModule]:Server Shutdown Completed.
BackEndSoftArena.exe: 00002A18: 18:18:04 []:<-------------------------------------------------------------->
BackEndSoftArena.exe: 00002A18: 18:18:04 [Terminated]:Exit Code: 0
BackEndSoftArena.exe: 000012FC: 18:18:16 []:>--------------------------------------------------------------<
BackEndSoftArena.exe: 000012FC: 18:18:16 [TUniServerModule]:Server First Init.
BackEndSoftArena.exe: 000012FC: 18:18:16 [TUniServerModule]:Erasing Cache Folder...
BackEndSoftArena.exe: 000012FC: 18:18:16 [TUniServerModule]:Cache Folder Erased. <0> Files deleted.
BackEndSoftArena.exe: 000012FC: 18:18:16 [TUniServerModule]:Starting HTTP Server...
BackEndSoftArena.exe: 000012FC: 18:18:16 [TUniServerModule]:HTTP Server Started. Port: 8077
BackEndSoftArena.exe: 000028A0: 18:18:17 [127.0.0.1]:EUniSessionException : Invalid session or session Timeout. : Addr: $007710D2
BackEndSoftArena.exe: 00002534: 18:18:18 [127.0.0.1]:EUniSessionException : Invalid session or session Timeout. : Addr: $007710D2
BackEndSoftArena.exe: 000012FC: 18:27:47 [TUniServerModule]:Shutting Down Server.
BackEndSoftArena.exe: 000012FC: 18:27:47 [TUniServerModule]:HTTP Server Stopped.
BackEndSoftArena.exe: 000012FC: 18:27:47 [TUniGUISessionManager]:Terminating Session manager.
BackEndSoftArena.exe: 000012FC: 18:27:48 [TUniGUISessionManager]:Stopping Cache Eraser...
BackEndSoftArena.exe: 000012FC: 18:27:48 [TUniGUISessionManager]:Cache Eraser Stopped.
BackEndSoftArena.exe: 000012FC: 18:27:48 [TUniGUISessionManager]:Destroying Worker Threads.
BackEndSoftArena.exe: 000012FC: 18:27:48 [TUniGUISessionManager]:Session manager terminated.
BackEndSoftArena.exe: 000012FC: 18:27:48 [TUniServerModule]:Server Shutdown Completed.
BackEndSoftArena.exe: 000012FC: 18:27:48 []:<-------------------------------------------------------------->
BackEndSoftArena.exe: 000012FC: 18:27:48 [Terminated]:Exit Code: 0
BackEndSoftArena.exe: 00003330: 18:28:02 []:>--------------------------------------------------------------<
BackEndSoftArena.exe: 00003330: 18:28:02 [TUniServerModule]:Server First Init.
BackEndSoftArena.exe: 00003330: 18:28:02 [TUniServerModule]:Erasing Cache Folder...
BackEndSoftArena.exe: 00003330: 18:28:02 [TUniServerModule]:Cache Folder Erased. <0> Files deleted.
BackEndSoftArena.exe: 00003330: 18:28:02 [TUniServerModule]:Starting HTTP Server...
BackEndSoftArena.exe: 00003330: 18:28:02 [TUniServerModule]:HTTP Server Started. Port: 8077
BackEndSoftArena.exe: 00000B78: 18:28:31 [127.0.0.1]:EUniSessionException : Invalid session or session Timeout. : Addr: $007710D2
BackEndSoftArena.exe: 00003118: 18:28:32 [127.0.0.1]:EUniSessionException : Invalid session or session Timeout. : Addr: $007710D2
BackEndSoftArena.exe: 00001E3C: 18:29:27 [127.0.0.1]:EUniSessionException : Invalid session or session Timeout. : Addr: $007710D2
BackEndSoftArena.exe: 00003330: 18:30:32 [TUniServerModule]:Shutting Down Server.
BackEndSoftArena.exe: 00001E3C: 18:30:32 [Indy]:EIdNotConnected : Not Connected : Addr: $006DF6F2
BackEndSoftArena.exe: 00000B78: 18:30:32 [Indy]:EIdNotConnected : Not Connected : Addr: $006DF6F2
BackEndSoftArena.exe: 00003330: 18:30:33 [TUniServerModule]:HTTP Server Stopped.
BackEndSoftArena.exe: 00003330: 18:30:33 [TUniGUISessionManager]:Terminating Session manager.
BackEndSoftArena.exe: 00003330: 18:30:33 [TUniGUISessionManager]:Stopping Cache Eraser...
BackEndSoftArena.exe: 00003330: 18:30:33 [TUniGUISessionManager]:Cache Eraser Stopped.
BackEndSoftArena.exe: 00003330: 18:30:33 [TUniGUISessionManager]:Destroying Worker Threads.
BackEndSoftArena.exe: 00003330: 18:30:33 [TUniGUISessionManager]:Session manager terminated.
BackEndSoftArena.exe: 00003330: 18:30:33 [TUniServerModule]:Server Shutdown Completed.
BackEndSoftArena.exe: 00003330: 18:30:33 []:<-------------------------------------------------------------->
BackEndSoftArena.exe: 00003330: 18:30:33 [Terminated]:Exit Code: 0
BackEndSoftArena.exe: 000015B0: 18:30:44 []:>--------------------------------------------------------------<
BackEndSoftArena.exe: 000015B0: 18:30:44 [TUniServerModule]:Server First Init.
BackEndSoftArena.exe: 000015B0: 18:30:44 [TUniServerModule]:Erasing Cache Folder...
BackEndSoftArena.exe: 000015B0: 18:30:44 [TUniServerModule]:Cache Folder Erased. <0> Files deleted.
BackEndSoftArena.exe: 000015B0: 18:30:44 [TUniServerModule]:Starting HTTP Server...
BackEndSoftArena.exe: 000015B0: 18:30:44 [TUniServerModule]:HTTP Server Started. Port: 8077
BackEndSoftArena.exe: 000026B0: 18:30:46 [127.0.0.1]:EUniSessionException : Invalid session or session Timeout. : Addr: $007710D2
BackEndSoftArena.exe: 000026B0: 18:30:46 [127.0.0.1]:EUniSessionException : Invalid session or session Timeout. : Addr: $007710D2
BackEndSoftArena.exe: 00000730: 18:30:48 [127.0.0.1]:EUniSessionException : Invalid session or session Timeout. : Addr: $007710D2
BackEndSoftArena.exe: 000015B0: 19:10:36 [TUniServerModule]:Shutting Down Server.
BackEndSoftArena.exe: 000015B0: 19:10:37 [TUniServerModule]:HTTP Server Stopped.
BackEndSoftArena.exe: 000015B0: 19:10:37 [TUniGUISessionManager]:Terminating Session manager.
BackEndSoftArena.exe: 000015B0: 19:10:37 [TUniGUISessionManager]:Stopping Cache Eraser...
BackEndSoftArena.exe: 000015B0: 19:10:37 [TUniGUISessionManager]:Cache Eraser Stopped.
BackEndSoftArena.exe: 000015B0: 19:10:37 [TUniGUISessionManager]:Destroying Worker Threads.
BackEndSoftArena.exe: 000015B0: 19:10:37 [TUniGUISessionManager]:Session manager terminated.
BackEndSoftArena.exe: 000015B0: 19:10:37 [TUniServerModule]:Server Shutdown Completed.
BackEndSoftArena.exe: 000015B0: 19:10:37 []:<-------------------------------------------------------------->
BackEndSoftArena.exe: 000015B0: 19:10:37 [Terminated]:Exit Code: 0
BackEndSoftArena.exe: 00001A94: 19:10:48 []:>--------------------------------------------------------------<
BackEndSoftArena.exe: 00001A94: 19:10:48 [TUniServerModule]:Server First Init.
BackEndSoftArena.exe: 00001A94: 19:10:48 [TUniServerModule]:Erasing Cache Folder...
BackEndSoftArena.exe: 00001A94: 19:10:48 [TUniServerModule]:Cache Folder Erased. <0> Files deleted.
BackEndSoftArena.exe: 00001A94: 19:10:48 [TUniServerModule]:Starting HTTP Server...
BackEndSoftArena.exe: 00001A94: 19:10:48 [TUniServerModule]:HTTP Server Started. Port: 8077
BackEndSoftArena.exe: 000025C4: 19:10:57 [127.0.0.1]:EUniSessionException : Invalid session or session Timeout. : Addr: $007710D2
BackEndSoftArena.exe: 000033F4: 19:10:58 [127.0.0.1]:EUniSessionException : Invalid session or session Timeout. : Addr: $007710D2
BackEndSoftArena.exe: 00001A94: 19:13:05 [TUniServerModule]:Shutting Down Server.
BackEndSoftArena.exe: 00001A94: 19:13:05 [TUniServerModule]:HTTP Server Stopped.
BackEndSoftArena.exe: 00001A94: 19:13:05 [TUniGUISessionManager]:Terminating Session manager.
BackEndSoftArena.exe: 00001A94: 19:13:05 [TUniGUISessionManager]:Stopping Cache Eraser...
BackEndSoftArena.exe: 00001A94: 19:13:05 [TUniGUISessionManager]:Cache Eraser Stopped.
BackEndSoftArena.exe: 00001A94: 19:13:05 [TUniGUISessionManager]:Destroying Worker Threads.
BackEndSoftArena.exe: 00001A94: 19:13:05 [TUniGUISessionManager]:Session manager terminated.
BackEndSoftArena.exe: 00001A94: 19:13:05 [TUniServerModule]:Server Shutdown Completed.
BackEndSoftArena.exe: 00001A94: 19:13:05 []:<-------------------------------------------------------------->
BackEndSoftArena.exe: 00001A94: 19:13:05 [Terminated]:Exit Code: 0
BackEndSoftArena.exe: 000031C0: 19:13:22 []:>--------------------------------------------------------------<
BackEndSoftArena.exe: 000031C0: 19:13:22 [TUniServerModule]:Server First Init.
BackEndSoftArena.exe: 000031C0: 19:13:22 [TUniServerModule]:Erasing Cache Folder...
BackEndSoftArena.exe: 000031C0: 19:13:22 [TUniServerModule]:Cache Folder Erased. <0> Files deleted.
BackEndSoftArena.exe: 000031C0: 19:13:22 [TUniServerModule]:Starting HTTP Server...
BackEndSoftArena.exe: 000031C0: 19:13:22 [TUniServerModule]:HTTP Server Started. Port: 8077
BackEndSoftArena.exe: 00001E2C: 19:13:23 [127.0.0.1]:EUniSessionException : Invalid session or session Timeout. : Addr: $007710D2
BackEndSoftArena.exe: 00002998: 19:13:24 [127.0.0.1]:EUniSessionException : Invalid session or session Timeout. : Addr: $007710D2
BackEndSoftArena.exe: 000031C0: 20:46:15 [TUniServerModule]:Shutting Down Server.
BackEndSoftArena.exe: 000031C0: 20:46:16 [TUniServerModule]:HTTP Server Stopped.
BackEndSoftArena.exe: 000031C0: 20:46:16 [TUniGUISessionManager]:Terminating Session manager.
BackEndSoftArena.exe: 000031C0: 20:46:16 [TUniGUISessionManager]:Stopping Cache Eraser...
BackEndSoftArena.exe: 000031C0: 20:46:16 [TUniGUISessionManager]:Cache Eraser Stopped.
BackEndSoftArena.exe: 000031C0: 20:46:16 [TUniGUISessionManager]:Destroying Worker Threads.
BackEndSoftArena.exe: 000031C0: 20:46:16 [TUniGUISessionManager]:Session manager terminated.
BackEndSoftArena.exe: 000031C0: 20:46:16 [TUniServerModule]:Server Shutdown Completed.
BackEndSoftArena.exe: 000031C0: 20:46:16 []:<-------------------------------------------------------------->
BackEndSoftArena.exe: 000031C0: 20:46:16 [Terminated]:Exit Code: 0
BackEndSoftArena.exe: 00003278: 20:46:27 []:>--------------------------------------------------------------<
BackEndSoftArena.exe: 00003278: 20:46:27 [TUniServerModule]:Server First Init.
BackEndSoftArena.exe: 00003278: 20:46:27 [TUniServerModule]:Erasing Cache Folder...
BackEndSoftArena.exe: 00003278: 20:46:27 [TUniServerModule]:Cache Folder Erased. <0> Files deleted.
BackEndSoftArena.exe: 00003278: 20:46:27 [TUniServerModule]:Starting HTTP Server...
BackEndSoftArena.exe: 00003278: 20:46:27 [TUniServerModule]:HTTP Server Started. Port: 8077
BackEndSoftArena.exe: 00000D64: 20:46:34 [127.0.0.1]:EUniSessionException : Invalid session or session Timeout. : Addr: $007710D2
BackEndSoftArena.exe: 000017BC: 20:46:36 [127.0.0.1]:EUniSessionException : Invalid session or session Timeout. : Addr: $007710D2
BackEndSoftArena.exe: 00003278: 20:47:45 [TUniServerModule]:Shutting Down Server.
BackEndSoftArena.exe: 00003278: 20:47:46 [TUniServerModule]:HTTP Server Stopped.
BackEndSoftArena.exe: 00003278: 20:47:46 [TUniGUISessionManager]:Terminating Session manager.
BackEndSoftArena.exe: 00003278: 20:47:46 [TUniGUISessionManager]:Stopping Cache Eraser...
BackEndSoftArena.exe: 00003278: 20:47:46 [TUniGUISessionManager]:Cache Eraser Stopped.
BackEndSoftArena.exe: 00003278: 20:47:46 [TUniGUISessionManager]:Destroying Worker Threads.
BackEndSoftArena.exe: 00003278: 20:47:46 [TUniGUISessionManager]:Session manager terminated.
BackEndSoftArena.exe: 00003278: 20:47:46 [TUniServerModule]:Server Shutdown Completed.
BackEndSoftArena.exe: 00003278: 20:47:46 []:<-------------------------------------------------------------->
BackEndSoftArena.exe: 00003278: 20:47:46 [Terminated]:Exit Code: 0
BackEndSoftArena.exe: 00002740: 20:47:56 []:>--------------------------------------------------------------<
BackEndSoftArena.exe: 00002740: 20:47:56 [TUniServerModule]:Server First Init.
BackEndSoftArena.exe: 00002740: 20:47:56 [TUniServerModule]:Erasing Cache Folder...
BackEndSoftArena.exe: 00002740: 20:47:56 [TUniServerModule]:Cache Folder Erased. <0> Files deleted.
BackEndSoftArena.exe: 00002740: 20:47:56 [TUniServerModule]:Starting HTTP Server...
BackEndSoftArena.exe: 00002740: 20:47:56 [TUniServerModule]:HTTP Server Started. Port: 8077
BackEndSoftArena.exe: 000019D0: 20:48:51 [127.0.0.1]:EUniSessionException : Invalid session or session Timeout. : Addr: $007710D2
BackEndSoftArena.exe: 000028B0: 20:48:52 [127.0.0.1]:EUniSessionException : Invalid session or session Timeout. : Addr: $007710D2
BackEndSoftArena.exe: 00002740: 20:49:40 [TUniServerModule]:Shutting Down Server.
BackEndSoftArena.exe: 000019D0: 20:49:41 [Indy]:EIdNotConnected : Not Connected : Addr: $006DF6F2
BackEndSoftArena.exe: 000028B0: 20:49:41 [Indy]:EIdNotConnected : Not Connected : Addr: $006DF6F2
BackEndSoftArena.exe: 00002740: 20:49:41 [TUniServerModule]:HTTP Server Stopped.
BackEndSoftArena.exe: 00002740: 20:49:41 [TUniGUISessionManager]:Terminating Session manager.
BackEndSoftArena.exe: 00002740: 20:49:41 [TUniGUISessionManager]:Stopping Cache Eraser...
BackEndSoftArena.exe: 00002740: 20:49:41 [TUniGUISessionManager]:Cache Eraser Stopped.
BackEndSoftArena.exe: 00002740: 20:49:41 [TUniGUISessionManager]:Destroying Worker Threads.
BackEndSoftArena.exe: 00002740: 20:49:41 [TUniGUISessionManager]:Session manager terminated.
BackEndSoftArena.exe: 00002740: 20:49:41 [TUniServerModule]:Server Shutdown Completed.
BackEndSoftArena.exe: 00002740: 20:49:41 []:<-------------------------------------------------------------->
BackEndSoftArena.exe: 00002740: 20:49:41 [Terminated]:Exit Code: 0
BackEndSoftArena.exe: 00003314: 20:49:52 []:>--------------------------------------------------------------<
BackEndSoftArena.exe: 00003314: 20:49:52 [TUniServerModule]:Server First Init.
BackEndSoftArena.exe: 00003314: 20:49:52 [TUniServerModule]:Erasing Cache Folder...
BackEndSoftArena.exe: 00003314: 20:49:52 [TUniServerModule]:Cache Folder Erased. <0> Files deleted.
BackEndSoftArena.exe: 00003314: 20:49:52 [TUniServerModule]:Starting HTTP Server...
BackEndSoftArena.exe: 00003314: 20:49:52 [TUniServerModule]:HTTP Server Started. Port: 8077
BackEndSoftArena.exe: 00001B88: 20:49:52 [127.0.0.1]:EUniSessionException : Invalid session or session Timeout. : Addr: $007710D2
BackEndSoftArena.exe: 00000418: 20:49:54 [127.0.0.1]:EUniSessionException : Invalid session or session Timeout. : Addr: $007710D2
BackEndSoftArena.exe: 00001A70: 21:27:57 [127.0.0.1]:EUniSessionException : Invalid session or session Timeout. : Addr: $007710D2
