BackEndSoftArena.exe: 00000C48: 01:14:00 [127.0.0.1]:EUniSessionException : Invalid session or session Timeout. : Addr: $007710D2
BackEndSoftArena.exe: 00000C48: 01:14:00 [127.0.0.1]:EUniSessionException : Invalid session or session Timeout. : Addr: $007710D2
BackEndSoftArena.exe: 000028B0: 01:14:02 [127.0.0.1]:EUniSessionException : Invalid session or session Timeout. : Addr: $007710D2
BackEndSoftArena.exe: 00003910: 01:20:52 [TUniServerModule]:Shutting Down Server.
BackEndSoftArena.exe: 00003910: 01:20:53 [TUniServerModule]:HTTP Server Stopped.
BackEndSoftArena.exe: 00003910: 01:20:53 [TUniGUISessionManager]:Terminating Session manager.
BackEndSoftArena.exe: 00003910: 01:20:53 [TUniGUISessionManager]:Stopping Cache Eraser...
BackEndSoftArena.exe: 00003910: 01:20:53 [TUniGUISessionManager]:Cache Eraser Stopped.
BackEndSoftArena.exe: 00003910: 01:20:53 [TUniGUISessionManager]:Destroying Worker Threads.
BackEndSoftArena.exe: 00003910: 01:20:53 [TUniGUISessionManager]:Session manager terminated.
BackEndSoftArena.exe: 00003910: 01:20:53 [TUniServerModule]:Server Shutdown Completed.
BackEndSoftArena.exe: 00003910: 01:20:53 []:<-------------------------------------------------------------->
BackEndSoftArena.exe: 00003910: 01:20:53 [Terminated]:Exit Code: 0
BackEndSoftArena.exe: 0000198C: 01:21:04 []:>--------------------------------------------------------------<
BackEndSoftArena.exe: 0000198C: 01:21:04 [TUniServerModule]:Server First Init.
BackEndSoftArena.exe: 0000198C: 01:21:04 [TUniServerModule]:Erasing Cache Folder...
BackEndSoftArena.exe: 0000198C: 01:21:04 [TUniServerModule]:Cache Folder Erased. <0> Files deleted.
BackEndSoftArena.exe: 0000198C: 01:21:05 [TUniServerModule]:Starting HTTP Server...
BackEndSoftArena.exe: 0000198C: 01:21:05 [TUniServerModule]:HTTP Server Started. Port: 8077
BackEndSoftArena.exe: 000013CC: 01:21:05 [127.0.0.1]:EUniSessionException : Invalid session or session Timeout. : Addr: $007710D2
BackEndSoftArena.exe: 000013CC: 01:21:11 [127.0.0.1]:EUniSessionException : Invalid session or session Timeout. : Addr: $007710D2
BackEndSoftArena.exe: 0000198C: 05:39:15 [TUniServerModule]:Shutting Down Server.
BackEndSoftArena.exe: 0000198C: 05:39:16 [TUniServerModule]:HTTP Server Stopped.
BackEndSoftArena.exe: 0000198C: 05:39:16 [TUniGUISessionManager]:Terminating Session manager.
BackEndSoftArena.exe: 0000198C: 05:39:16 [TUniGUISessionManager]:Stopping Cache Eraser...
BackEndSoftArena.exe: 0000198C: 05:39:16 [TUniGUISessionManager]:Cache Eraser Stopped.
BackEndSoftArena.exe: 0000198C: 05:39:16 [TUniGUISessionManager]:Destroying Worker Threads.
BackEndSoftArena.exe: 0000198C: 05:39:16 [TUniGUISessionManager]:Session manager terminated.
BackEndSoftArena.exe: 0000198C: 05:39:16 [TUniServerModule]:Server Shutdown Completed.
BackEndSoftArena.exe: 0000198C: 05:39:16 []:<-------------------------------------------------------------->
BackEndSoftArena.exe: 0000198C: 05:39:16 [Terminated]:Exit Code: 0
BackEndSoftArena.exe: 000034BC: 05:40:24 []:>--------------------------------------------------------------<
BackEndSoftArena.exe: 000034BC: 05:40:24 [TUniServerModule]:Server First Init.
BackEndSoftArena.exe: 000034BC: 05:40:24 [TUniServerModule]:Erasing Cache Folder...
BackEndSoftArena.exe: 000034BC: 05:40:24 [TUniServerModule]:Cache Folder Erased. <0> Files deleted.
BackEndSoftArena.exe: 000034BC: 05:40:24 [TUniServerModule]:Starting HTTP Server...
BackEndSoftArena.exe: 000034BC: 05:40:24 [TUniServerModule]:HTTP Server Started. Port: 8077
BackEndSoftArena.exe: 00002D7C: 05:40:24 [127.0.0.1]:EUniSessionException : Invalid session or session Timeout. : Addr: $007710D2
BackEndSoftArena.exe: 00000BB4: 05:40:25 [127.0.0.1]:EUniSessionException : Invalid session or session Timeout. : Addr: $007710D2
BackEndSoftArena.exe: 000034BC: 14:46:21 [TUniServerModule]:Shutting Down Server.
BackEndSoftArena.exe: 000034BC: 14:46:22 [TUniServerModule]:HTTP Server Stopped.
BackEndSoftArena.exe: 000034BC: 14:46:22 [TUniGUISessionManager]:Terminating Session manager.
BackEndSoftArena.exe: 000034BC: 14:46:22 [TUniGUISessionManager]:Stopping Cache Eraser...
BackEndSoftArena.exe: 000034BC: 14:46:22 [TUniGUISessionManager]:Cache Eraser Stopped.
BackEndSoftArena.exe: 000034BC: 14:46:22 [TUniGUISessionManager]:Destroying Worker Threads.
BackEndSoftArena.exe: 000034BC: 14:46:22 [TUniGUISessionManager]:Session manager terminated.
BackEndSoftArena.exe: 000034BC: 14:46:22 [TUniServerModule]:Server Shutdown Completed.
BackEndSoftArena.exe: 000034BC: 14:46:22 []:<-------------------------------------------------------------->
BackEndSoftArena.exe: 000034BC: 14:46:22 [Terminated]:Exit Code: 0
BackEndSoftArena.exe: 00002158: 14:57:56 []:>--------------------------------------------------------------<
BackEndSoftArena.exe: 00002158: 14:57:56 [TUniServerModule]:Server First Init.
BackEndSoftArena.exe: 00002158: 14:57:56 [TUniServerModule]:Erasing Cache Folder...
BackEndSoftArena.exe: 00002158: 14:57:56 [TUniServerModule]:Cache Folder Erased. <0> Files deleted.
BackEndSoftArena.exe: 00002158: 14:57:56 [TUniServerModule]:Starting HTTP Server...
BackEndSoftArena.exe: 00002158: 14:57:56 [TUniServerModule]:HTTP Server Started. Port: 8077
BackEndSoftArena.exe: 00002AFC: 14:58:40 [127.0.0.1]:EUniSessionException : Invalid session or session Timeout. : Addr: $007710D2
BackEndSoftArena.exe: 000022C8: 14:58:41 [127.0.0.1]:EUniSessionException : Invalid session or session Timeout. : Addr: $007710D2
BackEndSoftArena.exe: 000022C8: 14:59:24 [127.0.0.1]:EUniSessionException : Invalid session or session Timeout. : Addr: $007710D2
BackEndSoftArena.exe: 00002158: 23:08:26 [TUniServerModule]:Shutting Down Server.
BackEndSoftArena.exe: 00002158: 23:08:26 [TUniServerModule]:HTTP Server Stopped.
BackEndSoftArena.exe: 00002158: 23:08:26 [TUniGUISessionManager]:Terminating Session manager.
BackEndSoftArena.exe: 00002158: 23:08:26 [TUniGUISessionManager]:Stopping Cache Eraser...
BackEndSoftArena.exe: 00002158: 23:08:26 [TUniGUISessionManager]:Cache Eraser Stopped.
BackEndSoftArena.exe: 00002158: 23:08:26 [TUniGUISessionManager]:Destroying Worker Threads.
BackEndSoftArena.exe: 00002158: 23:08:26 [TUniGUISessionManager]:Session manager terminated.
BackEndSoftArena.exe: 00002158: 23:08:26 [TUniServerModule]:Server Shutdown Completed.
BackEndSoftArena.exe: 00002158: 23:08:26 []:<-------------------------------------------------------------->
BackEndSoftArena.exe: 00002158: 23:08:26 [Terminated]:Exit Code: 0
BackEndSoftArena.exe: 00001DF0: 23:10:15 []:>--------------------------------------------------------------<
BackEndSoftArena.exe: 00001DF0: 23:10:15 [TUniServerModule]:Server First Init.
BackEndSoftArena.exe: 00001DF0: 23:10:15 [TUniServerModule]:Erasing Cache Folder...
BackEndSoftArena.exe: 00001DF0: 23:10:15 [TUniServerModule]:Cache Folder Erased. <0> Files deleted.
BackEndSoftArena.exe: 00001DF0: 23:10:15 [TUniServerModule]:Starting HTTP Server...
BackEndSoftArena.exe: 00001DF0: 23:10:15 [TUniServerModule]:HTTP Server Started. Port: 8077
