BackEndSoftArena.exe: 00000D40: 14:07:04 []:>--------------------------------------------------------------<
BackEndSoftArena.exe: 00000D40: 14:07:04 [TUniServerModule]:Server First Init.
BackEndSoftArena.exe: 00000D40: 14:07:04 [TUniServerModule]:Erasing Cache Folder...
BackEndSoftArena.exe: 00000D40: 14:07:04 [TUniServerModule]:Cache Folder Erased. <0> Files deleted.
BackEndSoftArena.exe: 00000D40: 14:07:05 [TUniServerModule]:Starting HTTP Server...
BackEndSoftArena.exe: 00000D40: 14:07:05 [TUniServerModule]:HTTP Server Started. Port: 8077
BackEndSoftArena.exe: 000025D0: 14:07:20 [HandleFileRequest[127.0.0.1]]:Access denied: fontawesome-webfont.woff2.
BackEndSoftArena.exe: 0000289C: 14:07:20 [HandleFileRequest[127.0.0.1]]:Access denied: fontawesome-webfont.woff.
BackEndSoftArena.exe: 000025C8: 14:07:20 [HandleFileRequest[127.0.0.1]]:Access denied: fontawesome-webfont.ttf.
BackEndSoftArena.exe: 00000D40: 14:08:15 [TUniServerModule]:Shutting Down Server.
BackEndSoftArena.exe: 000009DC: 14:08:16 [Indy]:EIdNotConnected : Not Connected : Addr: $006DF6F2
BackEndSoftArena.exe: 00001C48: 14:08:16 [Indy]:EIdNotConnected : Not Connected : Addr: $006DF6F2
BackEndSoftArena.exe: 000025D0: 14:08:16 [Indy]:EIdNotConnected : Not Connected : Addr: $006DF6F2
BackEndSoftArena.exe: 000025C8: 14:08:16 [Indy]:EIdNotConnected : Not Connected : Addr: $006DF6F2
BackEndSoftArena.exe: 000022B8: 14:08:16 [Indy]:EIdNotConnected : Not Connected : Addr: $006DF6F2
BackEndSoftArena.exe: 00000D40: 14:08:16 [TUniServerModule]:HTTP Server Stopped.
BackEndSoftArena.exe: 00000D40: 14:08:16 [TUniGUISessionManager]:Terminating Session manager.
BackEndSoftArena.exe: 00000D40: 14:08:16 [TUniGUISessionManager]:Stopping Cache Eraser...
BackEndSoftArena.exe: 00000D40: 14:08:16 [TUniGUISessionManager]:Cache Eraser Stopped.
BackEndSoftArena.exe: 00000D40: 14:08:16 [TUniGUISessionManager]:Destroying Worker Threads.
BackEndSoftArena.exe: 00000D40: 14:08:16 [TUniGUISessionManager]:Session manager terminated.
BackEndSoftArena.exe: 00000D40: 14:08:16 [TUniServerModule]:Server Shutdown Completed.
BackEndSoftArena.exe: 00000D40: 14:08:16 []:<-------------------------------------------------------------->
BackEndSoftArena.exe: 00000D40: 14:08:16 [Terminated]:Exit Code: 0
BackEndSoftArena.exe: 00002498: 14:08:27 []:>--------------------------------------------------------------<
BackEndSoftArena.exe: 00002498: 14:08:27 [TUniServerModule]:Server First Init.
BackEndSoftArena.exe: 00002498: 14:08:27 [TUniServerModule]:Erasing Cache Folder...
BackEndSoftArena.exe: 00002498: 14:08:27 [TUniServerModule]:Cache Folder Erased. <0> Files deleted.
BackEndSoftArena.exe: 00002498: 14:08:27 [TUniServerModule]:Starting HTTP Server...
BackEndSoftArena.exe: 00002498: 14:08:27 [TUniServerModule]:HTTP Server Started. Port: 8077
BackEndSoftArena.exe: 00002410: 14:08:34 [127.0.0.1]:EUniSessionException : Invalid session or session Timeout. : Addr: $007710D2
BackEndSoftArena.exe: 00002410: 14:08:35 [HandleFileRequest[127.0.0.1]]:Access denied: fontawesome-webfont.woff2.
BackEndSoftArena.exe: 00000600: 14:08:35 [HandleFileRequest[127.0.0.1]]:Access denied: fontawesome-webfont.woff.
BackEndSoftArena.exe: 00000600: 14:08:35 [HandleFileRequest[127.0.0.1]]:Access denied: fontawesome-webfont.ttf.
BackEndSoftArena.exe: 00002498: 14:09:22 [TUniServerModule]:Shutting Down Server.
BackEndSoftArena.exe: 000020A0: 14:09:23 [Indy]:EIdNotConnected : Not Connected : Addr: $006DF6F2
BackEndSoftArena.exe: 00002410: 14:09:23 [Indy]:EIdNotConnected : Not Connected : Addr: $006DF6F2
BackEndSoftArena.exe: 00001668: 14:09:23 [Indy]:EIdNotConnected : Not Connected : Addr: $006DF6F2
BackEndSoftArena.exe: 00002498: 14:09:23 [TUniServerModule]:HTTP Server Stopped.
BackEndSoftArena.exe: 00002498: 14:09:23 [TUniGUISessionManager]:Terminating Session manager.
BackEndSoftArena.exe: 00002498: 14:09:23 [TUniGUISessionManager]:Stopping Cache Eraser...
BackEndSoftArena.exe: 00002498: 14:09:23 [TUniGUISessionManager]:Cache Eraser Stopped.
BackEndSoftArena.exe: 00002498: 14:09:23 [TUniGUISessionManager]:Destroying Worker Threads.
BackEndSoftArena.exe: 00002498: 14:09:23 [TUniGUISessionManager]:Session manager terminated.
BackEndSoftArena.exe: 00002498: 14:09:23 [TUniServerModule]:Server Shutdown Completed.
BackEndSoftArena.exe: 00002498: 14:09:23 []:<-------------------------------------------------------------->
BackEndSoftArena.exe: 00002498: 14:09:23 [Terminated]:Exit Code: 0
BackEndSoftArena.exe: 000021A0: 14:09:30 []:>--------------------------------------------------------------<
BackEndSoftArena.exe: 000021A0: 14:09:30 [TUniServerModule]:Server First Init.
BackEndSoftArena.exe: 000021A0: 14:09:30 [TUniServerModule]:Erasing Cache Folder...
BackEndSoftArena.exe: 000021A0: 14:09:30 [TUniServerModule]:Cache Folder Erased. <0> Files deleted.
BackEndSoftArena.exe: 000021A0: 14:09:30 [TUniServerModule]:Starting HTTP Server...
BackEndSoftArena.exe: 000021A0: 14:09:30 [TUniServerModule]:HTTP Server Started. Port: 8077
BackEndSoftArena.exe: 000026F4: 14:09:35 [127.0.0.1]:EUniSessionException : Invalid session or session Timeout. : Addr: $007710D2
BackEndSoftArena.exe: 000026F4: 14:09:36 [HandleFileRequest[127.0.0.1]]:Access denied: fontawesome-webfont.woff2.
BackEndSoftArena.exe: 00002D80: 14:09:36 [HandleFileRequest[127.0.0.1]]:Access denied: fontawesome-webfont.woff.
BackEndSoftArena.exe: 00002D80: 14:09:36 [HandleFileRequest[127.0.0.1]]:Access denied: fontawesome-webfont.ttf.
BackEndSoftArena.exe: 000026F4: 14:10:01 [127.0.0.1]:EUniSessionException : Invalid session or session Timeout. : Addr: $007710D2
BackEndSoftArena.exe: 000021A0: 14:47:01 [TUniServerModule]:Shutting Down Server.
BackEndSoftArena.exe: 000021A0: 14:47:01 [TUniServerModule]:HTTP Server Stopped.
BackEndSoftArena.exe: 000021A0: 14:47:01 [TUniGUISessionManager]:Terminating Session manager.
BackEndSoftArena.exe: 000021A0: 14:47:01 [TUniGUISessionManager]:Stopping Cache Eraser...
BackEndSoftArena.exe: 000021A0: 14:47:01 [TUniGUISessionManager]:Cache Eraser Stopped.
BackEndSoftArena.exe: 000021A0: 14:47:01 [TUniGUISessionManager]:Destroying Worker Threads.
BackEndSoftArena.exe: 000021A0: 14:47:01 [TUniGUISessionManager]:Session manager terminated.
BackEndSoftArena.exe: 000021A0: 14:47:01 [TUniServerModule]:Server Shutdown Completed.
BackEndSoftArena.exe: 000021A0: 14:47:01 []:<-------------------------------------------------------------->
BackEndSoftArena.exe: 000021A0: 14:47:01 [Terminated]:Exit Code: 0
BackEndSoftArena.exe: 000014B8: 14:47:25 []:>--------------------------------------------------------------<
BackEndSoftArena.exe: 000014B8: 14:47:25 [TUniServerModule]:Server First Init.
BackEndSoftArena.exe: 000014B8: 14:47:25 [TUniServerModule]:Erasing Cache Folder...
BackEndSoftArena.exe: 000014B8: 14:47:25 [TUniServerModule]:Cache Folder Erased. <0> Files deleted.
BackEndSoftArena.exe: 000014B8: 14:47:25 [TUniServerModule]:Starting HTTP Server...
BackEndSoftArena.exe: 000014B8: 14:47:25 [TUniServerModule]:HTTP Server Started. Port: 8077
BackEndSoftArena.exe: 00001F90: 14:47:37 [HandleFileRequest[127.0.0.1]]:Access denied: fontawesome-webfont.woff2.
BackEndSoftArena.exe: 00002F4C: 14:47:37 [HandleFileRequest[127.0.0.1]]:Access denied: fontawesome-webfont.woff.
BackEndSoftArena.exe: 00002F4C: 14:47:37 [HandleFileRequest[127.0.0.1]]:Access denied: fontawesome-webfont.ttf.
BackEndSoftArena.exe: 000014B8: 14:49:49 [TUniServerModule]:Shutting Down Server.
BackEndSoftArena.exe: 00001F90: 14:49:50 [Indy]:EIdNotConnected : Not Connected : Addr: $006DF6F2
BackEndSoftArena.exe: 00000E40: 14:49:50 [Indy]:EIdNotConnected : Not Connected : Addr: $006DF6F2
BackEndSoftArena.exe: 000014B8: 14:49:50 [TUniServerModule]:HTTP Server Stopped.
BackEndSoftArena.exe: 000014B8: 14:49:50 [TUniGUISessionManager]:Terminating Session manager.
BackEndSoftArena.exe: 000014B8: 14:49:50 [TUniGUISessionManager]:Stopping Cache Eraser...
BackEndSoftArena.exe: 000014B8: 14:49:50 [TUniGUISessionManager]:Cache Eraser Stopped.
BackEndSoftArena.exe: 000014B8: 14:49:50 [TUniGUISessionManager]:Destroying Worker Threads.
BackEndSoftArena.exe: 000014B8: 14:49:50 [TUniGUISessionManager]:Session manager terminated.
BackEndSoftArena.exe: 000014B8: 14:49:50 [TUniServerModule]:Server Shutdown Completed.
BackEndSoftArena.exe: 000014B8: 14:49:50 []:<-------------------------------------------------------------->
BackEndSoftArena.exe: 000014B8: 14:49:50 [Terminated]:Exit Code: 0
BackEndSoftArena.exe: 00002774: 14:49:56 []:>--------------------------------------------------------------<
BackEndSoftArena.exe: 00002774: 14:49:56 [TUniServerModule]:Server First Init.
BackEndSoftArena.exe: 00002774: 14:49:56 [TUniServerModule]:Erasing Cache Folder...
BackEndSoftArena.exe: 00002774: 14:49:56 [TUniServerModule]:Cache Folder Erased. <0> Files deleted.
BackEndSoftArena.exe: 00002774: 14:49:56 [TUniServerModule]:Starting HTTP Server...
BackEndSoftArena.exe: 00002774: 14:49:56 [TUniServerModule]:HTTP Server Started. Port: 8077
BackEndSoftArena.exe: 000001D0: 14:50:01 [127.0.0.1]:EUniSessionException : Invalid session or session Timeout. : Addr: $007710D2
BackEndSoftArena.exe: 000001D0: 14:50:01 [HandleFileRequest[127.0.0.1]]:Access denied: fontawesome-webfont.woff2.
BackEndSoftArena.exe: 00002F90: 14:50:02 [HandleFileRequest[127.0.0.1]]:Access denied: fontawesome-webfont.woff.
BackEndSoftArena.exe: 00002F90: 14:50:02 [HandleFileRequest[127.0.0.1]]:Access denied: fontawesome-webfont.ttf.
BackEndSoftArena.exe: 00002774: 14:50:49 [TUniServerModule]:Shutting Down Server.
BackEndSoftArena.exe: 000001D0: 14:50:50 [Indy]:EIdNotConnected : Not Connected : Addr: $006DF6F2
BackEndSoftArena.exe: 00002774: 14:50:50 [TUniServerModule]:HTTP Server Stopped.
BackEndSoftArena.exe: 00002774: 14:50:50 [TUniGUISessionManager]:Terminating Session manager.
BackEndSoftArena.exe: 00002774: 14:50:50 [TUniGUISessionManager]:Stopping Cache Eraser...
BackEndSoftArena.exe: 00002774: 14:50:50 [TUniGUISessionManager]:Cache Eraser Stopped.
BackEndSoftArena.exe: 00002774: 14:50:50 [TUniGUISessionManager]:Destroying Worker Threads.
BackEndSoftArena.exe: 00002774: 14:50:50 [TUniGUISessionManager]:Session manager terminated.
BackEndSoftArena.exe: 00002774: 14:50:50 [TUniServerModule]:Server Shutdown Completed.
BackEndSoftArena.exe: 00002774: 14:50:50 []:<-------------------------------------------------------------->
BackEndSoftArena.exe: 00002774: 14:50:50 [Terminated]:Exit Code: 0
BackEndSoftArena.exe: 0000264C: 14:51:02 []:>--------------------------------------------------------------<
BackEndSoftArena.exe: 0000264C: 14:51:02 [TUniServerModule]:Server First Init.
BackEndSoftArena.exe: 0000264C: 14:51:02 [TUniServerModule]:Erasing Cache Folder...
BackEndSoftArena.exe: 0000264C: 14:51:02 [TUniServerModule]:Cache Folder Erased. <0> Files deleted.
BackEndSoftArena.exe: 0000264C: 14:51:02 [TUniServerModule]:Starting HTTP Server...
BackEndSoftArena.exe: 0000264C: 14:51:02 [TUniServerModule]:HTTP Server Started. Port: 8077
BackEndSoftArena.exe: 0000264C: 14:54:09 [TUniServerModule]:Shutting Down Server.
BackEndSoftArena.exe: 0000264C: 14:54:10 [TUniServerModule]:HTTP Server Stopped.
BackEndSoftArena.exe: 0000264C: 14:54:10 [TUniGUISessionManager]:Terminating Session manager.
BackEndSoftArena.exe: 0000264C: 14:54:10 [TUniGUISessionManager]:Stopping Cache Eraser...
BackEndSoftArena.exe: 0000264C: 14:54:10 [TUniGUISessionManager]:Cache Eraser Stopped.
BackEndSoftArena.exe: 0000264C: 14:54:10 [TUniGUISessionManager]:Destroying Worker Threads.
BackEndSoftArena.exe: 0000264C: 14:54:10 [TUniGUISessionManager]:Session manager terminated.
BackEndSoftArena.exe: 0000264C: 14:54:10 [TUniServerModule]:Server Shutdown Completed.
BackEndSoftArena.exe: 0000264C: 14:54:10 []:<-------------------------------------------------------------->
BackEndSoftArena.exe: 0000264C: 14:54:10 [Terminated]:Exit Code: 0
BackEndSoftArena.exe: 00001668: 15:13:18 []:>--------------------------------------------------------------<
BackEndSoftArena.exe: 00001668: 15:13:18 [TUniServerModule]:Server First Init.
BackEndSoftArena.exe: 00001668: 15:13:18 [TUniServerModule]:Erasing Cache Folder...
BackEndSoftArena.exe: 00001668: 15:13:18 [TUniServerModule]:Cache Folder Erased. <0> Files deleted.
BackEndSoftArena.exe: 00001668: 15:13:18 [TUniServerModule]:Starting HTTP Server...
BackEndSoftArena.exe: 00001668: 15:13:18 [TUniServerModule]:HTTP Server Started. Port: 8077
BackEndSoftArena.exe: 00000E78: 15:13:18 [127.0.0.1]:EUniSessionException : Invalid session or session Timeout. : Addr: $007710D2
BackEndSoftArena.exe: 00000E78: 15:13:19 [HandleFileRequest[127.0.0.1]]:Access denied: fontawesome-webfont.woff2.
BackEndSoftArena.exe: 00000DF0: 15:13:19 [HandleFileRequest[127.0.0.1]]:Access denied: fontawesome-webfont.woff.
BackEndSoftArena.exe: 00000DF0: 15:13:19 [HandleFileRequest[127.0.0.1]]:Access denied: fontawesome-webfont.ttf.
BackEndSoftArena.exe: 00000E78: 15:14:05 [HandleFileRequest[127.0.0.1]]:Access denied: fontawesome-webfont.woff2.
BackEndSoftArena.exe: 00000DF0: 15:14:05 [HandleFileRequest[127.0.0.1]]:Access denied: fontawesome-webfont.woff.
BackEndSoftArena.exe: 00000DF0: 15:14:05 [HandleFileRequest[127.0.0.1]]:Access denied: fontawesome-webfont.ttf.
BackEndSoftArena.exe: 00001668: 15:14:08 [TUniServerModule]:Shutting Down Server.
BackEndSoftArena.exe: 00002B00: 15:14:08 [Indy]:EIdNotConnected : Not Connected : Addr: $006DF6F2
BackEndSoftArena.exe: 00001460: 15:14:08 [Indy]:EIdNotConnected : Not Connected : Addr: $006DF6F2
BackEndSoftArena.exe: 00000E78: 15:14:09 [Indy]:EIdNotConnected : Not Connected : Addr: $006DF6F2
BackEndSoftArena.exe: 00002734: 15:14:09 [Indy]:EIdNotConnected : Not Connected : Addr: $006DF6F2
BackEndSoftArena.exe: 00001668: 15:14:09 [TUniServerModule]:HTTP Server Stopped.
BackEndSoftArena.exe: 00001668: 15:14:09 [TUniGUISessionManager]:Terminating Session manager.
BackEndSoftArena.exe: 00001668: 15:14:09 [TUniGUISessionManager]:Stopping Cache Eraser...
BackEndSoftArena.exe: 00001668: 15:14:09 [TUniGUISessionManager]:Cache Eraser Stopped.
BackEndSoftArena.exe: 00001668: 15:14:09 [TUniGUISessionManager]:Destroying Worker Threads.
BackEndSoftArena.exe: 00001668: 15:14:09 [TUniGUISessionManager]:Session manager terminated.
BackEndSoftArena.exe: 00001668: 15:14:09 [TUniServerModule]:Server Shutdown Completed.
BackEndSoftArena.exe: 00001668: 15:14:09 []:<-------------------------------------------------------------->
BackEndSoftArena.exe: 00001668: 15:14:09 [Terminated]:Exit Code: 0
BackEndSoftArena.exe: 00002EB0: 15:14:16 []:>--------------------------------------------------------------<
BackEndSoftArena.exe: 00002EB0: 15:14:16 [TUniServerModule]:Server First Init.
BackEndSoftArena.exe: 00002EB0: 15:14:16 [TUniServerModule]:Erasing Cache Folder...
BackEndSoftArena.exe: 00002EB0: 15:14:16 [TUniServerModule]:Cache Folder Erased. <0> Files deleted.
BackEndSoftArena.exe: 00002EB0: 15:14:16 [TUniServerModule]:Starting HTTP Server...
BackEndSoftArena.exe: 00002EB0: 15:14:16 [TUniServerModule]:HTTP Server Started. Port: 8077
BackEndSoftArena.exe: 00002354: 15:14:21 [127.0.0.1]:EUniSessionException : Invalid session or session Timeout. : Addr: $007710D2
BackEndSoftArena.exe: 00002354: 15:14:24 [HandleFileRequest[127.0.0.1]]:Access denied: fontawesome-webfont.woff2.
BackEndSoftArena.exe: 00002BDC: 15:14:24 [HandleFileRequest[127.0.0.1]]:Access denied: fontawesome-webfont.woff.
BackEndSoftArena.exe: 00002BDC: 15:14:24 [HandleFileRequest[127.0.0.1]]:Access denied: fontawesome-webfont.ttf.
BackEndSoftArena.exe: 00002EB0: 15:17:30 [TUniServerModule]:Shutting Down Server.
BackEndSoftArena.exe: 00002354: 15:17:30 [Indy]:EIdNotConnected : Not Connected : Addr: $006DF6F2
BackEndSoftArena.exe: 00002BDC: 15:17:30 [Indy]:EIdNotConnected : Not Connected : Addr: $006DF6F2
BackEndSoftArena.exe: 00002EB0: 15:17:31 [TUniServerModule]:HTTP Server Stopped.
BackEndSoftArena.exe: 00002EB0: 15:17:31 [TUniGUISessionManager]:Terminating Session manager.
BackEndSoftArena.exe: 00002EB0: 15:17:31 [TUniGUISessionManager]:Stopping Cache Eraser...
BackEndSoftArena.exe: 00002EB0: 15:17:31 [TUniGUISessionManager]:Cache Eraser Stopped.
BackEndSoftArena.exe: 00002EB0: 15:17:31 [TUniGUISessionManager]:Destroying Worker Threads.
BackEndSoftArena.exe: 00002EB0: 15:17:31 [TUniGUISessionManager]:Session manager terminated.
BackEndSoftArena.exe: 00002EB0: 15:17:31 [TUniServerModule]:Server Shutdown Completed.
BackEndSoftArena.exe: 00002EB0: 15:17:31 []:<-------------------------------------------------------------->
BackEndSoftArena.exe: 00002EB0: 15:17:31 [Terminated]:Exit Code: 0
BackEndSoftArena.exe: 000010F8: 15:18:01 []:>--------------------------------------------------------------<
BackEndSoftArena.exe: 000010F8: 15:18:02 [TUniServerModule]:Server First Init.
BackEndSoftArena.exe: 000010F8: 15:18:02 [TUniServerModule]:Erasing Cache Folder...
BackEndSoftArena.exe: 000010F8: 15:18:02 [TUniServerModule]:Cache Folder Erased. <0> Files deleted.
BackEndSoftArena.exe: 000010F8: 15:18:02 [TUniServerModule]:Starting HTTP Server...
BackEndSoftArena.exe: 000010F8: 15:18:02 [TUniServerModule]:HTTP Server Started. Port: 8077
BackEndSoftArena.exe: 0000123C: 15:18:06 [127.0.0.1]:EUniSessionException : Invalid session or session Timeout. : Addr: $007710D2
BackEndSoftArena.exe: 0000123C: 15:18:06 [HandleFileRequest[127.0.0.1]]:Access denied: fontawesome-webfont.woff2.
BackEndSoftArena.exe: 00001D54: 15:18:07 [HandleFileRequest[127.0.0.1]]:Access denied: fontawesome-webfont.woff.
BackEndSoftArena.exe: 00001D54: 15:18:07 [HandleFileRequest[127.0.0.1]]:Access denied: fontawesome-webfont.ttf.
BackEndSoftArena.exe: 000010F8: 15:20:37 [TUniServerModule]:Shutting Down Server.
BackEndSoftArena.exe: 0000123C: 15:20:38 [Indy]:EIdNotConnected : Not Connected : Addr: $006DF6F2
BackEndSoftArena.exe: 000010F8: 15:20:38 [TUniServerModule]:HTTP Server Stopped.
BackEndSoftArena.exe: 000010F8: 15:20:38 [TUniGUISessionManager]:Terminating Session manager.
BackEndSoftArena.exe: 000010F8: 15:20:38 [TUniGUISessionManager]:Stopping Cache Eraser...
BackEndSoftArena.exe: 000010F8: 15:20:38 [TUniGUISessionManager]:Cache Eraser Stopped.
BackEndSoftArena.exe: 000010F8: 15:20:39 [TUniGUISessionManager]:Destroying Worker Threads.
BackEndSoftArena.exe: 000010F8: 15:20:39 [TUniGUISessionManager]:Session manager terminated.
BackEndSoftArena.exe: 000010F8: 15:20:39 [TUniServerModule]:Server Shutdown Completed.
BackEndSoftArena.exe: 000010F8: 15:20:39 []:<-------------------------------------------------------------->
BackEndSoftArena.exe: 000010F8: 15:20:39 [Terminated]:Exit Code: 0
BackEndSoftArena.exe: 00001670: 15:23:43 []:>--------------------------------------------------------------<
BackEndSoftArena.exe: 00001670: 15:23:43 [TUniServerModule]:Server First Init.
BackEndSoftArena.exe: 00001670: 15:23:43 [TUniServerModule]:Erasing Cache Folder...
BackEndSoftArena.exe: 00001670: 15:23:43 [TUniServerModule]:Cache Folder Erased. <0> Files deleted.
BackEndSoftArena.exe: 00001670: 15:23:43 [TUniServerModule]:Starting HTTP Server...
BackEndSoftArena.exe: 00001670: 15:23:43 [TUniServerModule]:HTTP Server Started. Port: 8077
BackEndSoftArena.exe: 000028B4: 15:23:43 [127.0.0.1]:EUniSessionException : Invalid session or session Timeout. : Addr: $007710D2
BackEndSoftArena.exe: 000001DC: 15:23:44 [HandleFileRequest[127.0.0.1]]:Access denied: fontawesome-webfont.woff2.
BackEndSoftArena.exe: 000028B4: 15:23:44 [HandleFileRequest[127.0.0.1]]:Access denied: fontawesome-webfont.woff.
BackEndSoftArena.exe: 000028B4: 15:23:44 [HandleFileRequest[127.0.0.1]]:Access denied: fontawesome-webfont.ttf.
BackEndSoftArena.exe: 000028B4: 15:24:21 [HandleFileRequest[127.0.0.1]]:Access denied: fontawesome-webfont.woff2.
BackEndSoftArena.exe: 000001DC: 15:24:21 [HandleFileRequest[127.0.0.1]]:Access denied: fontawesome-webfont.woff.
BackEndSoftArena.exe: 000001DC: 15:24:21 [HandleFileRequest[127.0.0.1]]:Access denied: fontawesome-webfont.ttf.
BackEndSoftArena.exe: 00001670: 15:26:15 [TUniServerModule]:Shutting Down Server.
BackEndSoftArena.exe: 00001670: 15:26:16 [TUniServerModule]:HTTP Server Stopped.
BackEndSoftArena.exe: 00001670: 15:26:16 [TUniGUISessionManager]:Terminating Session manager.
BackEndSoftArena.exe: 00001670: 15:26:16 [TUniGUISessionManager]:Stopping Cache Eraser...
BackEndSoftArena.exe: 00001670: 15:26:16 [TUniGUISessionManager]:Cache Eraser Stopped.
BackEndSoftArena.exe: 00001670: 15:26:16 [TUniGUISessionManager]:Destroying Worker Threads.
BackEndSoftArena.exe: 00001670: 15:26:16 [TUniGUISessionManager]:Session manager terminated.
BackEndSoftArena.exe: 00001670: 15:26:16 [TUniServerModule]:Server Shutdown Completed.
BackEndSoftArena.exe: 00001670: 15:26:16 []:<-------------------------------------------------------------->
BackEndSoftArena.exe: 00001670: 15:26:16 [Terminated]:Exit Code: 0
BackEndSoftArena.exe: 0000120C: 15:26:23 []:>--------------------------------------------------------------<
BackEndSoftArena.exe: 0000120C: 15:26:23 [TUniServerModule]:Server First Init.
BackEndSoftArena.exe: 0000120C: 15:26:23 [TUniServerModule]:Erasing Cache Folder...
BackEndSoftArena.exe: 0000120C: 15:26:23 [TUniServerModule]:Cache Folder Erased. <0> Files deleted.
BackEndSoftArena.exe: 0000120C: 15:26:23 [TUniServerModule]:Starting HTTP Server...
BackEndSoftArena.exe: 0000120C: 15:26:23 [TUniServerModule]:HTTP Server Started. Port: 8077
BackEndSoftArena.exe: 00001DF4: 15:26:37 [127.0.0.1]:EUniSessionException : Invalid session or session Timeout. : Addr: $007710D2
BackEndSoftArena.exe: 00001DF4: 15:26:38 [HandleFileRequest[127.0.0.1]]:Access denied: fontawesome-webfont.woff2.
BackEndSoftArena.exe: 00000584: 15:26:38 [HandleFileRequest[127.0.0.1]]:Access denied: fontawesome-webfont.woff.
BackEndSoftArena.exe: 00000584: 15:26:38 [HandleFileRequest[127.0.0.1]]:Access denied: fontawesome-webfont.ttf.
BackEndSoftArena.exe: 0000120C: 15:28:05 [TUniServerModule]:Shutting Down Server.
BackEndSoftArena.exe: 00001DF4: 15:28:05 [Indy]:EIdNotConnected : Not Connected : Addr: $006DF6F2
BackEndSoftArena.exe: 0000120C: 15:28:06 [TUniServerModule]:HTTP Server Stopped.
BackEndSoftArena.exe: 0000120C: 15:28:06 [TUniGUISessionManager]:Terminating Session manager.
BackEndSoftArena.exe: 0000120C: 15:28:06 [TUniGUISessionManager]:Stopping Cache Eraser...
BackEndSoftArena.exe: 0000120C: 15:28:06 [TUniGUISessionManager]:Cache Eraser Stopped.
BackEndSoftArena.exe: 0000120C: 15:28:06 [TUniGUISessionManager]:Destroying Worker Threads.
BackEndSoftArena.exe: 0000120C: 15:28:06 [TUniGUISessionManager]:Session manager terminated.
BackEndSoftArena.exe: 0000120C: 15:28:06 [TUniServerModule]:Server Shutdown Completed.
BackEndSoftArena.exe: 0000120C: 15:28:06 []:<-------------------------------------------------------------->
BackEndSoftArena.exe: 0000120C: 15:28:06 [Terminated]:Exit Code: 0
BackEndSoftArena.exe: 0000016C: 15:28:12 []:>--------------------------------------------------------------<
BackEndSoftArena.exe: 0000016C: 15:28:12 [TUniServerModule]:Server First Init.
BackEndSoftArena.exe: 0000016C: 15:28:12 [TUniServerModule]:Erasing Cache Folder...
BackEndSoftArena.exe: 0000016C: 15:28:12 [TUniServerModule]:Cache Folder Erased. <0> Files deleted.
BackEndSoftArena.exe: 0000016C: 15:28:12 [TUniServerModule]:Starting HTTP Server...
BackEndSoftArena.exe: 0000016C: 15:28:12 [TUniServerModule]:HTTP Server Started. Port: 8077
BackEndSoftArena.exe: 00002CF0: 15:29:42 [127.0.0.1]:EUniSessionException : Invalid session or session Timeout. : Addr: $007710D2
BackEndSoftArena.exe: 00002CF0: 15:29:43 [HandleFileRequest[127.0.0.1]]:Access denied: fontawesome-webfont.woff2.
BackEndSoftArena.exe: 000002B8: 15:29:43 [HandleFileRequest[127.0.0.1]]:Access denied: fontawesome-webfont.woff.
BackEndSoftArena.exe: 000002B8: 15:29:43 [HandleFileRequest[127.0.0.1]]:Access denied: fontawesome-webfont.ttf.
BackEndSoftArena.exe: 0000016C: 15:38:05 [TUniServerModule]:Shutting Down Server.
BackEndSoftArena.exe: 0000016C: 15:38:05 [TUniServerModule]:HTTP Server Stopped.
BackEndSoftArena.exe: 0000016C: 15:38:05 [TUniGUISessionManager]:Terminating Session manager.
BackEndSoftArena.exe: 0000016C: 15:38:05 [TUniGUISessionManager]:Stopping Cache Eraser...
BackEndSoftArena.exe: 0000016C: 15:38:05 [TUniGUISessionManager]:Cache Eraser Stopped.
BackEndSoftArena.exe: 0000016C: 15:38:05 [TUniGUISessionManager]:Destroying Worker Threads.
BackEndSoftArena.exe: 0000016C: 15:38:05 [TUniGUISessionManager]:Session manager terminated.
BackEndSoftArena.exe: 0000016C: 15:38:05 [TUniServerModule]:Server Shutdown Completed.
BackEndSoftArena.exe: 0000016C: 15:38:05 []:<-------------------------------------------------------------->
BackEndSoftArena.exe: 0000016C: 15:38:05 [Terminated]:Exit Code: 0
BackEndSoftArena.exe: 00002D54: 15:38:12 []:>--------------------------------------------------------------<
BackEndSoftArena.exe: 00002D54: 15:38:12 [TUniServerModule]:Server First Init.
BackEndSoftArena.exe: 00002D54: 15:38:12 [TUniServerModule]:Erasing Cache Folder...
BackEndSoftArena.exe: 00002D54: 15:38:12 [TUniServerModule]:Cache Folder Erased. <0> Files deleted.
BackEndSoftArena.exe: 00002D54: 15:38:13 [TUniServerModule]:Starting HTTP Server...
BackEndSoftArena.exe: 00002D54: 15:38:13 [TUniServerModule]:HTTP Server Started. Port: 8077
BackEndSoftArena.exe: 00002D54: 15:40:20 [TUniServerModule]:Shutting Down Server.
BackEndSoftArena.exe: 00002D54: 15:40:21 [TUniServerModule]:HTTP Server Stopped.
BackEndSoftArena.exe: 00002D54: 15:40:21 [TUniGUISessionManager]:Terminating Session manager.
BackEndSoftArena.exe: 00002D54: 15:40:21 [TUniGUISessionManager]:Stopping Cache Eraser...
BackEndSoftArena.exe: 00002D54: 15:40:21 [TUniGUISessionManager]:Cache Eraser Stopped.
BackEndSoftArena.exe: 00002D54: 15:40:21 [TUniGUISessionManager]:Destroying Worker Threads.
BackEndSoftArena.exe: 00002D54: 15:40:21 [TUniGUISessionManager]:Session manager terminated.
BackEndSoftArena.exe: 00002D54: 15:40:21 [TUniServerModule]:Server Shutdown Completed.
BackEndSoftArena.exe: 00002D54: 15:40:21 []:<-------------------------------------------------------------->
BackEndSoftArena.exe: 00002D54: 15:40:21 [Terminated]:Exit Code: 0
BackEndSoftArena.exe: 000014F0: 15:40:32 []:>--------------------------------------------------------------<
BackEndSoftArena.exe: 000014F0: 15:40:32 [TUniServerModule]:Server First Init.
BackEndSoftArena.exe: 000014F0: 15:40:32 [TUniServerModule]:Erasing Cache Folder...
BackEndSoftArena.exe: 000014F0: 15:40:32 [TUniServerModule]:Cache Folder Erased. <0> Files deleted.
BackEndSoftArena.exe: 000014F0: 15:40:33 [TUniServerModule]:Starting HTTP Server...
BackEndSoftArena.exe: 000014F0: 15:40:33 [TUniServerModule]:HTTP Server Started. Port: 8077
BackEndSoftArena.exe: 00000C74: 15:42:03 [127.0.0.1]:EUniSessionException : Invalid session or session Timeout. : Addr: $007710D2
BackEndSoftArena.exe: 00000C74: 15:42:04 [HandleFileRequest[127.0.0.1]]:Access denied: fontawesome-webfont.woff2.
BackEndSoftArena.exe: 000022D0: 15:42:04 [HandleFileRequest[127.0.0.1]]:Access denied: fontawesome-webfont.woff.
BackEndSoftArena.exe: 000022D0: 15:42:04 [HandleFileRequest[127.0.0.1]]:Access denied: fontawesome-webfont.ttf.
BackEndSoftArena.exe: 000014F0: 15:44:02 [TUniServerModule]:Shutting Down Server.
BackEndSoftArena.exe: 00001AD4: 15:44:02 [Indy]:EIdNotConnected : Not Connected : Addr: $006DF6F2
BackEndSoftArena.exe: 00000A5C: 15:44:02 [Indy]:EIdNotConnected : Not Connected : Addr: $006DF6F2
BackEndSoftArena.exe: 00000C74: 15:44:02 [Indy]:EIdNotConnected : Not Connected : Addr: $006DF6F2
BackEndSoftArena.exe: 000014F0: 15:44:03 [TUniServerModule]:HTTP Server Stopped.
BackEndSoftArena.exe: 000014F0: 15:44:03 [TUniGUISessionManager]:Terminating Session manager.
BackEndSoftArena.exe: 000014F0: 15:44:03 [TUniGUISessionManager]:Stopping Cache Eraser...
BackEndSoftArena.exe: 000014F0: 15:44:03 [TUniGUISessionManager]:Cache Eraser Stopped.
BackEndSoftArena.exe: 000014F0: 15:44:03 [TUniGUISessionManager]:Destroying Worker Threads.
BackEndSoftArena.exe: 000014F0: 15:44:03 [TUniGUISessionManager]:Session manager terminated.
BackEndSoftArena.exe: 000014F0: 15:44:03 [TUniServerModule]:Server Shutdown Completed.
BackEndSoftArena.exe: 000014F0: 15:44:03 []:<-------------------------------------------------------------->
BackEndSoftArena.exe: 000014F0: 15:44:03 [Terminated]:Exit Code: 0
BackEndSoftArena.exe: 000011D8: 15:44:09 []:>--------------------------------------------------------------<
BackEndSoftArena.exe: 000011D8: 15:44:09 [TUniServerModule]:Server First Init.
BackEndSoftArena.exe: 000011D8: 15:44:09 [TUniServerModule]:Erasing Cache Folder...
BackEndSoftArena.exe: 000011D8: 15:44:09 [TUniServerModule]:Cache Folder Erased. <0> Files deleted.
BackEndSoftArena.exe: 000011D8: 15:44:09 [TUniServerModule]:Starting HTTP Server...
BackEndSoftArena.exe: 000011D8: 15:44:09 [TUniServerModule]:HTTP Server Started. Port: 8077
BackEndSoftArena.exe: 000011D8: 19:14:16 [TUniServerModule]:Shutting Down Server.
BackEndSoftArena.exe: 000011D8: 19:14:17 [TUniServerModule]:HTTP Server Stopped.
BackEndSoftArena.exe: 000011D8: 19:14:17 [TUniGUISessionManager]:Terminating Session manager.
BackEndSoftArena.exe: 000011D8: 19:14:17 [TUniGUISessionManager]:Stopping Cache Eraser...
BackEndSoftArena.exe: 000011D8: 19:14:17 [TUniGUISessionManager]:Cache Eraser Stopped.
BackEndSoftArena.exe: 000011D8: 19:14:17 [TUniGUISessionManager]:Destroying Worker Threads.
BackEndSoftArena.exe: 000011D8: 19:14:17 [TUniGUISessionManager]:Session manager terminated.
BackEndSoftArena.exe: 000011D8: 19:14:17 [TUniServerModule]:Server Shutdown Completed.
BackEndSoftArena.exe: 000011D8: 19:14:17 []:<-------------------------------------------------------------->
BackEndSoftArena.exe: 000011D8: 19:14:17 [Terminated]:Exit Code: 0
BackEndSoftArena.exe: 00002654: 19:14:29 []:>--------------------------------------------------------------<
BackEndSoftArena.exe: 00002654: 19:14:29 [TUniServerModule]:Server First Init.
BackEndSoftArena.exe: 00002654: 19:14:29 [TUniServerModule]:Erasing Cache Folder...
BackEndSoftArena.exe: 00002654: 19:14:29 [TUniServerModule]:Cache Folder Erased. <0> Files deleted.
BackEndSoftArena.exe: 00002654: 19:14:29 [TUniServerModule]:Starting HTTP Server...
BackEndSoftArena.exe: 00002654: 19:14:29 [TUniServerModule]:HTTP Server Started. Port: 8077
BackEndSoftArena.exe: 00001208: 19:14:30 [HandleFileRequest[127.0.0.1]]:Access denied: fontawesome-webfont.woff2.
BackEndSoftArena.exe: 00000F94: 19:14:30 [HandleFileRequest[127.0.0.1]]:Access denied: fontawesome-webfont.woff.
BackEndSoftArena.exe: 00001208: 19:14:31 [HandleFileRequest[127.0.0.1]]:Access denied: fontawesome-webfont.ttf.
BackEndSoftArena.exe: 00000F94: 19:14:58 [HandleFileRequest[127.0.0.1]]:Access denied: fontawesome-webfont.woff2.
BackEndSoftArena.exe: 00000F94: 19:14:58 [HandleFileRequest[127.0.0.1]]:Access denied: fontawesome-webfont.woff.
BackEndSoftArena.exe: 00000F94: 19:14:58 [HandleFileRequest[127.0.0.1]]:Access denied: fontawesome-webfont.ttf.
BackEndSoftArena.exe: 00002654: 19:16:49 [TUniServerModule]:Shutting Down Server.
BackEndSoftArena.exe: 0000250C: 19:16:50 [Indy]:EIdNotConnected : Not Connected : Addr: $006DF6F2
BackEndSoftArena.exe: 00001208: 19:16:50 [Indy]:EIdNotConnected : Not Connected : Addr: $006DF6F2
BackEndSoftArena.exe: 00002654: 19:16:50 [TUniServerModule]:HTTP Server Stopped.
BackEndSoftArena.exe: 00002654: 19:16:50 [TUniGUISessionManager]:Terminating Session manager.
BackEndSoftArena.exe: 00002654: 19:16:50 [TUniGUISessionManager]:Stopping Cache Eraser...
BackEndSoftArena.exe: 00002654: 19:16:50 [TUniGUISessionManager]:Cache Eraser Stopped.
BackEndSoftArena.exe: 00002654: 19:16:50 [TUniGUISessionManager]:Destroying Worker Threads.
BackEndSoftArena.exe: 00002654: 19:16:50 [TUniGUISessionManager]:Session manager terminated.
BackEndSoftArena.exe: 00002654: 19:16:50 [TUniServerModule]:Server Shutdown Completed.
BackEndSoftArena.exe: 00002654: 19:16:50 []:<-------------------------------------------------------------->
BackEndSoftArena.exe: 00002654: 19:16:50 [Terminated]:Exit Code: 0
BackEndSoftArena.exe: 0000294C: 19:16:57 []:>--------------------------------------------------------------<
BackEndSoftArena.exe: 0000294C: 19:16:57 [TUniServerModule]:Server First Init.
BackEndSoftArena.exe: 0000294C: 19:16:57 [TUniServerModule]:Erasing Cache Folder...
BackEndSoftArena.exe: 0000294C: 19:16:57 [TUniServerModule]:Cache Folder Erased. <0> Files deleted.
BackEndSoftArena.exe: 0000294C: 19:16:57 [TUniServerModule]:Starting HTTP Server...
BackEndSoftArena.exe: 0000294C: 19:16:57 [TUniServerModule]:HTTP Server Started. Port: 8077
BackEndSoftArena.exe: 00000F18: 19:17:00 [127.0.0.1]:EUniSessionException : Invalid session or session Timeout. : Addr: $007710D2
BackEndSoftArena.exe: 00000F18: 19:17:00 [HandleFileRequest[127.0.0.1]]:Access denied: fontawesome-webfont.woff2.
BackEndSoftArena.exe: 00000824: 19:17:00 [HandleFileRequest[127.0.0.1]]:Access denied: fontawesome-webfont.woff.
BackEndSoftArena.exe: 00000824: 19:17:01 [HandleFileRequest[127.0.0.1]]:Access denied: fontawesome-webfont.ttf.
BackEndSoftArena.exe: 0000294C: 19:27:53 [TUniServerModule]:Shutting Down Server.
BackEndSoftArena.exe: 0000294C: 19:27:54 [TUniServerModule]:HTTP Server Stopped.
BackEndSoftArena.exe: 0000294C: 19:27:54 [TUniGUISessionManager]:Terminating Session manager.
BackEndSoftArena.exe: 0000294C: 19:27:54 [TUniGUISessionManager]:Stopping Cache Eraser...
BackEndSoftArena.exe: 0000294C: 19:27:54 [TUniGUISessionManager]:Cache Eraser Stopped.
BackEndSoftArena.exe: 0000294C: 19:27:54 [TUniGUISessionManager]:Destroying Worker Threads.
BackEndSoftArena.exe: 0000294C: 19:27:54 [TUniGUISessionManager]:Session manager terminated.
BackEndSoftArena.exe: 0000294C: 19:27:54 [TUniServerModule]:Server Shutdown Completed.
BackEndSoftArena.exe: 0000294C: 19:27:54 []:<-------------------------------------------------------------->
BackEndSoftArena.exe: 0000294C: 19:27:54 [Terminated]:Exit Code: 0
BackEndSoftArena.exe: 000027EC: 20:01:14 []:>--------------------------------------------------------------<
BackEndSoftArena.exe: 000027EC: 20:01:14 [TUniServerModule]:Server First Init.
BackEndSoftArena.exe: 000027EC: 20:01:14 [TUniServerModule]:Erasing Cache Folder...
BackEndSoftArena.exe: 000027EC: 20:01:14 [TUniServerModule]:Cache Folder Erased. <0> Files deleted.
BackEndSoftArena.exe: 000027EC: 20:01:14 [TUniServerModule]:Starting HTTP Server...
BackEndSoftArena.exe: 000027EC: 20:01:14 [TUniServerModule]:HTTP Server Started. Port: 8077
BackEndSoftArena.exe: 00002134: 20:01:19 [127.0.0.1]:EUniSessionException : Invalid session or session Timeout. : Addr: $007710D2
BackEndSoftArena.exe: 00002134: 20:01:20 [HandleFileRequest[127.0.0.1]]:Access denied: fontawesome-webfont.woff2.
BackEndSoftArena.exe: 00001BD8: 20:01:20 [HandleFileRequest[127.0.0.1]]:Access denied: fontawesome-webfont.woff.
BackEndSoftArena.exe: 00001BD8: 20:01:20 [HandleFileRequest[127.0.0.1]]:Access denied: fontawesome-webfont.ttf.
BackEndSoftArena.exe: 000027EC: 20:02:06 [TUniServerModule]:Shutting Down Server.
BackEndSoftArena.exe: 00001300: 20:02:07 [Indy]:EIdNotConnected : Not Connected : Addr: $006DF6F2
BackEndSoftArena.exe: 00002134: 20:02:07 [Indy]:EIdNotConnected : Not Connected : Addr: $006DF6F2
BackEndSoftArena.exe: 000027EC: 20:02:07 [TUniServerModule]:HTTP Server Stopped.
BackEndSoftArena.exe: 000027EC: 20:02:07 [TUniGUISessionManager]:Terminating Session manager.
BackEndSoftArena.exe: 000027EC: 20:02:07 [TUniGUISessionManager]:Stopping Cache Eraser...
BackEndSoftArena.exe: 000027EC: 20:02:07 [TUniGUISessionManager]:Cache Eraser Stopped.
BackEndSoftArena.exe: 000027EC: 20:02:07 [TUniGUISessionManager]:Destroying Worker Threads.
BackEndSoftArena.exe: 000027EC: 20:02:07 [TUniGUISessionManager]:Session manager terminated.
BackEndSoftArena.exe: 000027EC: 20:02:08 [TUniServerModule]:Server Shutdown Completed.
BackEndSoftArena.exe: 000027EC: 20:02:08 []:<-------------------------------------------------------------->
BackEndSoftArena.exe: 000027EC: 20:02:08 [Terminated]:Exit Code: 0
BackEndSoftArena.exe: 00001AF4: 20:02:13 []:>--------------------------------------------------------------<
BackEndSoftArena.exe: 00001AF4: 20:02:13 [TUniServerModule]:Server First Init.
BackEndSoftArena.exe: 00001AF4: 20:02:13 [TUniServerModule]:Erasing Cache Folder...
BackEndSoftArena.exe: 00001AF4: 20:02:13 [TUniServerModule]:Cache Folder Erased. <0> Files deleted.
BackEndSoftArena.exe: 00001AF4: 20:02:13 [TUniServerModule]:Starting HTTP Server...
BackEndSoftArena.exe: 00001AF4: 20:02:13 [TUniServerModule]:HTTP Server Started. Port: 8077
BackEndSoftArena.exe: 000028B0: 20:02:13 [127.0.0.1]:EUniSessionException : Invalid session or session Timeout. : Addr: $007710D2
BackEndSoftArena.exe: 000028B0: 20:02:14 [HandleFileRequest[127.0.0.1]]:Access denied: fontawesome-webfont.woff2.
BackEndSoftArena.exe: 00002A80: 20:02:14 [HandleFileRequest[127.0.0.1]]:Access denied: fontawesome-webfont.woff.
BackEndSoftArena.exe: 00002A80: 20:02:14 [HandleFileRequest[127.0.0.1]]:Access denied: fontawesome-webfont.ttf.
BackEndSoftArena.exe: 00002A80: 20:03:17 [HandleFileRequest[127.0.0.1]]:Access denied: bootstrap.min.css.map.
BackEndSoftArena.exe: 00001AF4: 21:19:53 [TUniServerModule]:Shutting Down Server.
BackEndSoftArena.exe: 00001AF4: 21:19:53 [TUniServerModule]:HTTP Server Stopped.
BackEndSoftArena.exe: 00001AF4: 21:19:53 [TUniGUISessionManager]:Terminating Session manager.
BackEndSoftArena.exe: 00001AF4: 21:19:53 [TUniGUISessionManager]:Stopping Cache Eraser...
BackEndSoftArena.exe: 00001AF4: 21:19:53 [TUniGUISessionManager]:Cache Eraser Stopped.
BackEndSoftArena.exe: 00001AF4: 21:19:53 [TUniGUISessionManager]:Destroying Worker Threads.
BackEndSoftArena.exe: 00001AF4: 21:19:53 [TUniGUISessionManager]:Session manager terminated.
BackEndSoftArena.exe: 00001AF4: 21:19:54 [TUniServerModule]:Server Shutdown Completed.
BackEndSoftArena.exe: 00001AF4: 21:19:54 []:<-------------------------------------------------------------->
BackEndSoftArena.exe: 00001AF4: 21:19:54 [Terminated]:Exit Code: 0
BackEndSoftArena.exe: 00000B58: 22:13:21 []:>--------------------------------------------------------------<
BackEndSoftArena.exe: 00000B58: 22:13:21 [TUniServerModule]:Server First Init.
BackEndSoftArena.exe: 00000B58: 22:13:21 [TUniServerModule]:Erasing Cache Folder...
BackEndSoftArena.exe: 00000B58: 22:13:21 [TUniServerModule]:Cache Folder Erased. <0> Files deleted.
BackEndSoftArena.exe: 00000B58: 22:13:21 [TUniServerModule]:Starting HTTP Server...
BackEndSoftArena.exe: 00000B58: 22:13:21 [TUniServerModule]:HTTP Server Started. Port: 8077
BackEndSoftArena.exe: 000009C0: 22:13:28 [127.0.0.1]:EUniSessionException : Invalid session or session Timeout. : Addr: $007710D2
BackEndSoftArena.exe: 000009C0: 22:13:29 [HandleFileRequest[127.0.0.1]]:Access denied: fontawesome-webfont.woff2.
BackEndSoftArena.exe: 00001694: 22:13:29 [HandleFileRequest[127.0.0.1]]:Access denied: fontawesome-webfont.woff.
BackEndSoftArena.exe: 00001694: 22:13:29 [HandleFileRequest[127.0.0.1]]:Access denied: fontawesome-webfont.ttf.
BackEndSoftArena.exe: 00000B58: 22:27:55 [TUniServerModule]:Shutting Down Server.
BackEndSoftArena.exe: 00000B58: 22:27:56 [TUniServerModule]:HTTP Server Stopped.
BackEndSoftArena.exe: 00000B58: 22:27:56 [TUniGUISessionManager]:Terminating Session manager.
BackEndSoftArena.exe: 00000B58: 22:27:56 [TUniGUISessionManager]:Stopping Cache Eraser...
BackEndSoftArena.exe: 00000B58: 22:27:56 [TUniGUISessionManager]:Cache Eraser Stopped.
BackEndSoftArena.exe: 00000B58: 22:27:56 [TUniGUISessionManager]:Destroying Worker Threads.
BackEndSoftArena.exe: 00000B58: 22:27:56 [TUniGUISessionManager]:Session manager terminated.
BackEndSoftArena.exe: 00000B58: 22:27:56 [TUniServerModule]:Server Shutdown Completed.
BackEndSoftArena.exe: 00000B58: 22:27:56 []:<-------------------------------------------------------------->
BackEndSoftArena.exe: 00000B58: 22:27:56 [Terminated]:Exit Code: 0
BackEndSoftArena.exe: 000018E8: 22:28:02 []:>--------------------------------------------------------------<
BackEndSoftArena.exe: 000018E8: 22:28:02 [TUniServerModule]:Server First Init.
BackEndSoftArena.exe: 000018E8: 22:28:02 [TUniServerModule]:Erasing Cache Folder...
BackEndSoftArena.exe: 000018E8: 22:28:02 [TUniServerModule]:Cache Folder Erased. <0> Files deleted.
BackEndSoftArena.exe: 000018E8: 22:28:02 [TUniServerModule]:Starting HTTP Server...
BackEndSoftArena.exe: 000018E8: 22:28:02 [TUniServerModule]:HTTP Server Started. Port: 8077
BackEndSoftArena.exe: 0000184C: 22:28:11 [127.0.0.1]:EUniSessionException : Invalid session or session Timeout. : Addr: $007710D2
BackEndSoftArena.exe: 0000184C: 22:28:12 [HandleFileRequest[127.0.0.1]]:Access denied: fontawesome-webfont.woff2.
BackEndSoftArena.exe: 00000A98: 22:28:12 [HandleFileRequest[127.0.0.1]]:Access denied: fontawesome-webfont.woff.
BackEndSoftArena.exe: 00000A98: 22:28:12 [HandleFileRequest[127.0.0.1]]:Access denied: fontawesome-webfont.ttf.
BackEndSoftArena.exe: 00001680: 22:28:14 [127.0.0.1]:EFDException : [FireDAC][Comp][Clnt]-512. Connection is not defined for [fdLogin]. Possible reason: Connection and ConnectionName property values are both empty : Addr: $007B1252
BackEndSoftArena.exe: 00001680: 22:28:24 [127.0.0.1]:EFDException : [FireDAC][Comp][Clnt]-512. Connection is not defined for [fdLogin]. Possible reason: Connection and ConnectionName property values are both empty : Addr: $007B1252
BackEndSoftArena.exe: 00001680: 22:28:25 [127.0.0.1]:EFDException : [FireDAC][Comp][Clnt]-512. Connection is not defined for [fdLogin]. Possible reason: Connection and ConnectionName property values are both empty : Addr: $007B1252
BackEndSoftArena.exe: 00001680: 22:28:32 [127.0.0.1]:EFDException : [FireDAC][Comp][Clnt]-512. Connection is not defined for [fdLogin]. Possible reason: Connection and ConnectionName property values are both empty : Addr: $007B1252
BackEndSoftArena.exe: 000018E8: 22:31:05 [TUniServerModule]:Shutting Down Server.
BackEndSoftArena.exe: 0000184C: 22:31:06 [Indy]:EIdNotConnected : Not Connected : Addr: $006DF6F2
BackEndSoftArena.exe: 000018E8: 22:31:06 [TUniServerModule]:HTTP Server Stopped.
BackEndSoftArena.exe: 000018E8: 22:31:06 [TUniGUISessionManager]:Terminating Session manager.
BackEndSoftArena.exe: 000018E8: 22:31:06 [TUniGUISessionManager]:Stopping Cache Eraser...
BackEndSoftArena.exe: 000018E8: 22:31:06 [TUniGUISessionManager]:Cache Eraser Stopped.
BackEndSoftArena.exe: 000018E8: 22:31:06 [TUniGUISessionManager]:Destroying Worker Threads.
BackEndSoftArena.exe: 000018E8: 22:31:06 [TUniGUISessionManager]:Session manager terminated.
BackEndSoftArena.exe: 000018E8: 22:31:06 [TUniServerModule]:Server Shutdown Completed.
BackEndSoftArena.exe: 000018E8: 22:31:06 []:<-------------------------------------------------------------->
BackEndSoftArena.exe: 000018E8: 22:31:06 [Terminated]:Exit Code: 0
BackEndSoftArena.exe: 00001DF8: 22:31:13 []:>--------------------------------------------------------------<
BackEndSoftArena.exe: 00001DF8: 22:31:13 [TUniServerModule]:Server First Init.
BackEndSoftArena.exe: 00001DF8: 22:31:13 [TUniServerModule]:Erasing Cache Folder...
BackEndSoftArena.exe: 00001DF8: 22:31:13 [TUniServerModule]:Cache Folder Erased. <0> Files deleted.
BackEndSoftArena.exe: 00001DF8: 22:31:13 [TUniServerModule]:Starting HTTP Server...
BackEndSoftArena.exe: 00001DF8: 22:31:13 [TUniServerModule]:HTTP Server Started. Port: 8077
BackEndSoftArena.exe: 00002750: 22:31:19 [127.0.0.1]:EUniSessionException : Invalid session or session Timeout. : Addr: $007710D2
BackEndSoftArena.exe: 00002750: 22:31:20 [HandleFileRequest[127.0.0.1]]:Access denied: fontawesome-webfont.woff2.
BackEndSoftArena.exe: 00002688: 22:31:20 [HandleFileRequest[127.0.0.1]]:Access denied: fontawesome-webfont.woff.
BackEndSoftArena.exe: 00002688: 22:31:20 [HandleFileRequest[127.0.0.1]]:Access denied: fontawesome-webfont.ttf.
BackEndSoftArena.exe: 00002584: 22:32:07 [127.0.0.1]:EFDException : [FireDAC][Comp][Clnt]-512. Connection is not defined for [fdLogin]. Possible reason: Connection and ConnectionName property values are both empty : Addr: $007B1252
BackEndSoftArena.exe: 00002584: 22:32:07 [127.0.0.1]:EFDException : [FireDAC][Comp][Clnt]-512. Connection is not defined for [fdLogin]. Possible reason: Connection and ConnectionName property values are both empty : Addr: $007B1252
BackEndSoftArena.exe: 00002584: 22:32:49 [127.0.0.1]:EFDException : [FireDAC][Comp][Clnt]-512. Connection is not defined for [fdLogin]. Possible reason: Connection and ConnectionName property values are both empty : Addr: $007B1252
BackEndSoftArena.exe: 00002584: 22:32:49 [127.0.0.1]:EFDException : [FireDAC][Comp][Clnt]-512. Connection is not defined for [fdLogin]. Possible reason: Connection and ConnectionName property values are both empty : Addr: $007B1252
BackEndSoftArena.exe: 00002584: 22:33:10 [127.0.0.1]:EFDException : [FireDAC][Comp][Clnt]-512. Connection is not defined for [fdLogin]. Possible reason: Connection and ConnectionName property values are both empty : Addr: $007B1252
BackEndSoftArena.exe: 00001DF8: 22:34:14 [TUniServerModule]:Shutting Down Server.
BackEndSoftArena.exe: 00002D50: 22:34:14 [Indy]:EIdNotConnected : Not Connected : Addr: $006DF6F2
BackEndSoftArena.exe: 000011E8: 22:34:14 [Indy]:EIdNotConnected : Not Connected : Addr: $006DF6F2
BackEndSoftArena.exe: 00001DF8: 22:34:15 [TUniServerModule]:HTTP Server Stopped.
BackEndSoftArena.exe: 00001DF8: 22:34:15 [TUniGUISessionManager]:Terminating Session manager.
BackEndSoftArena.exe: 00001DF8: 22:34:15 [TUniGUISessionManager]:Stopping Cache Eraser...
BackEndSoftArena.exe: 00001DF8: 22:34:15 [TUniGUISessionManager]:Cache Eraser Stopped.
BackEndSoftArena.exe: 00001DF8: 22:34:15 [TUniGUISessionManager]:Destroying Worker Threads.
BackEndSoftArena.exe: 00001DF8: 22:34:15 [TUniGUISessionManager]:Session manager terminated.
BackEndSoftArena.exe: 00001DF8: 22:34:15 [TUniServerModule]:Server Shutdown Completed.
BackEndSoftArena.exe: 00001DF8: 22:34:15 []:<-------------------------------------------------------------->
BackEndSoftArena.exe: 00001DF8: 22:34:15 [Terminated]:Exit Code: 0
BackEndSoftArena.exe: 00000810: 22:34:24 []:>--------------------------------------------------------------<
BackEndSoftArena.exe: 00000810: 22:34:24 [TUniServerModule]:Server First Init.
BackEndSoftArena.exe: 00000810: 22:34:24 [TUniServerModule]:Erasing Cache Folder...
BackEndSoftArena.exe: 00000810: 22:34:24 [TUniServerModule]:Cache Folder Erased. <0> Files deleted.
BackEndSoftArena.exe: 00000810: 22:34:24 [TUniServerModule]:Starting HTTP Server...
BackEndSoftArena.exe: 00000810: 22:34:24 [TUniServerModule]:HTTP Server Started. Port: 8077
BackEndSoftArena.exe: 000010F0: 22:34:27 [127.0.0.1]:EUniSessionException : Invalid session or session Timeout. : Addr: $007710D2
BackEndSoftArena.exe: 000010F0: 22:34:28 [HandleFileRequest[127.0.0.1]]:Access denied: fontawesome-webfont.woff2.
BackEndSoftArena.exe: 00002080: 22:34:28 [HandleFileRequest[127.0.0.1]]:Access denied: fontawesome-webfont.woff.
BackEndSoftArena.exe: 00002080: 22:34:28 [HandleFileRequest[127.0.0.1]]:Access denied: fontawesome-webfont.ttf.
BackEndSoftArena.exe: 000017A0: 22:34:29 [127.0.0.1]:EFDException : [FireDAC][Comp][Clnt]-512. Connection is not defined for [fdLogin]. Possible reason: Connection and ConnectionName property values are both empty : Addr: $007B1252
BackEndSoftArena.exe: 000017A0: 22:34:29 [127.0.0.1]:EFDException : [FireDAC][Comp][Clnt]-512. Connection is not defined for [fdLogin]. Possible reason: Connection and ConnectionName property values are both empty : Addr: $007B1252
BackEndSoftArena.exe: 000017A0: 22:34:37 [127.0.0.1]:EFDException : [FireDAC][Comp][Clnt]-512. Connection is not defined for [fdLogin]. Possible reason: Connection and ConnectionName property values are both empty : Addr: $007B1252
BackEndSoftArena.exe: 00000810: 22:36:19 [TUniServerModule]:Shutting Down Server.
BackEndSoftArena.exe: 000010F0: 22:36:20 [Indy]:EIdNotConnected : Not Connected : Addr: $006DF6F2
BackEndSoftArena.exe: 00000810: 22:36:20 [TUniServerModule]:HTTP Server Stopped.
BackEndSoftArena.exe: 00000810: 22:36:20 [TUniGUISessionManager]:Terminating Session manager.
BackEndSoftArena.exe: 00000810: 22:36:20 [TUniGUISessionManager]:Stopping Cache Eraser...
BackEndSoftArena.exe: 00000810: 22:36:20 [TUniGUISessionManager]:Cache Eraser Stopped.
BackEndSoftArena.exe: 00000810: 22:36:20 [TUniGUISessionManager]:Destroying Worker Threads.
BackEndSoftArena.exe: 00000810: 22:36:21 [TUniGUISessionManager]:Session manager terminated.
BackEndSoftArena.exe: 00000810: 22:36:21 [TUniServerModule]:Server Shutdown Completed.
BackEndSoftArena.exe: 00000810: 22:36:21 []:<-------------------------------------------------------------->
BackEndSoftArena.exe: 00000810: 22:36:21 [Terminated]:Exit Code: 0
BackEndSoftArena.exe: 000029C0: 22:36:26 []:>--------------------------------------------------------------<
BackEndSoftArena.exe: 000029C0: 22:36:26 [TUniServerModule]:Server First Init.
BackEndSoftArena.exe: 000029C0: 22:36:26 [TUniServerModule]:Erasing Cache Folder...
BackEndSoftArena.exe: 000029C0: 22:36:26 [TUniServerModule]:Cache Folder Erased. <0> Files deleted.
BackEndSoftArena.exe: 000029C0: 22:36:26 [TUniServerModule]:Starting HTTP Server...
BackEndSoftArena.exe: 000029C0: 22:36:26 [TUniServerModule]:HTTP Server Started. Port: 8077
BackEndSoftArena.exe: 00002A80: 22:36:28 [HandleFileRequest[127.0.0.1]]:Access denied: fontawesome-webfont.woff2.
BackEndSoftArena.exe: 0000171C: 22:36:28 [HandleFileRequest[127.0.0.1]]:Access denied: fontawesome-webfont.woff.
BackEndSoftArena.exe: 00002A80: 22:36:29 [HandleFileRequest[127.0.0.1]]:Access denied: fontawesome-webfont.ttf.
BackEndSoftArena.exe: 00001F7C: 22:36:35 [127.0.0.1]:EFDException : [FireDAC][Comp][Clnt]-512. Connection is not defined for [fdLogin]. Possible reason: Connection and ConnectionName property values are both empty : Addr: $007B1252
BackEndSoftArena.exe: 000029C0: 22:37:07 [TUniServerModule]:Shutting Down Server.
BackEndSoftArena.exe: 00002A80: 22:37:08 [Indy]:EIdNotConnected : Not Connected : Addr: $006DF6F2
BackEndSoftArena.exe: 0000171C: 22:37:08 [Indy]:EIdNotConnected : Not Connected : Addr: $006DF6F2
BackEndSoftArena.exe: 000029C0: 22:37:08 [TUniServerModule]:HTTP Server Stopped.
BackEndSoftArena.exe: 000029C0: 22:37:08 [TUniGUISessionManager]:Terminating Session manager.
BackEndSoftArena.exe: 000029C0: 22:37:08 [TUniGUISessionManager]:Stopping Cache Eraser...
BackEndSoftArena.exe: 000029C0: 22:37:08 [TUniGUISessionManager]:Cache Eraser Stopped.
BackEndSoftArena.exe: 000029C0: 22:37:08 [TUniGUISessionManager]:Destroying Worker Threads.
BackEndSoftArena.exe: 000029C0: 22:37:08 [TUniGUISessionManager]:Session manager terminated.
BackEndSoftArena.exe: 000029C0: 22:37:08 [TUniServerModule]:Server Shutdown Completed.
BackEndSoftArena.exe: 000029C0: 22:37:08 []:<-------------------------------------------------------------->
BackEndSoftArena.exe: 000029C0: 22:37:08 [Terminated]:Exit Code: 0
BackEndSoftArena.exe: 00001C88: 22:37:17 []:>--------------------------------------------------------------<
BackEndSoftArena.exe: 00001C88: 22:37:17 [TUniServerModule]:Server First Init.
BackEndSoftArena.exe: 00001C88: 22:37:17 [TUniServerModule]:Erasing Cache Folder...
BackEndSoftArena.exe: 00001C88: 22:37:17 [TUniServerModule]:Cache Folder Erased. <0> Files deleted.
BackEndSoftArena.exe: 00001C88: 22:37:17 [TUniServerModule]:Starting HTTP Server...
BackEndSoftArena.exe: 00001C88: 22:37:17 [TUniServerModule]:HTTP Server Started. Port: 8077
BackEndSoftArena.exe: 00002C0C: 22:37:18 [127.0.0.1]:EUniSessionException : Invalid session or session Timeout. : Addr: $007710D2
BackEndSoftArena.exe: 00002C0C: 22:37:19 [HandleFileRequest[127.0.0.1]]:Access denied: fontawesome-webfont.woff2.
BackEndSoftArena.exe: 00001BAC: 22:37:19 [HandleFileRequest[127.0.0.1]]:Access denied: fontawesome-webfont.woff.
BackEndSoftArena.exe: 00001BAC: 22:37:19 [HandleFileRequest[127.0.0.1]]:Access denied: fontawesome-webfont.ttf.
BackEndSoftArena.exe: 00001624: 22:37:20 [127.0.0.1]:EFDException : [FireDAC][Comp][Clnt]-512. Connection is not defined for [fdLogin]. Possible reason: Connection and ConnectionName property values are both empty : Addr: $007B1252
BackEndSoftArena.exe: 00001C88: 22:57:21 [TUniServerModule]:Shutting Down Server.
BackEndSoftArena.exe: 00001C88: 22:57:21 [TUniServerModule]:HTTP Server Stopped.
BackEndSoftArena.exe: 00001C88: 22:57:21 [TUniGUISessionManager]:Terminating Session manager.
BackEndSoftArena.exe: 00001C88: 22:57:21 [TUniGUISessionManager]:Stopping Cache Eraser...
BackEndSoftArena.exe: 00001C88: 22:57:21 [TUniGUISessionManager]:Cache Eraser Stopped.
BackEndSoftArena.exe: 00001C88: 22:57:21 [TUniGUISessionManager]:Destroying Worker Threads.
BackEndSoftArena.exe: 00001C88: 22:57:21 [TUniGUISessionManager]:Session manager terminated.
BackEndSoftArena.exe: 00001C88: 22:57:21 [TUniServerModule]:Server Shutdown Completed.
BackEndSoftArena.exe: 00001C88: 22:57:21 []:<-------------------------------------------------------------->
BackEndSoftArena.exe: 00001C88: 22:57:21 [Terminated]:Exit Code: 0
BackEndSoftArena.exe: 000015FC: 22:57:29 []:>--------------------------------------------------------------<
BackEndSoftArena.exe: 000015FC: 22:57:29 [TUniServerModule]:Server First Init.
BackEndSoftArena.exe: 000015FC: 22:57:29 [TUniServerModule]:Erasing Cache Folder...
BackEndSoftArena.exe: 000015FC: 22:57:29 [TUniServerModule]:Cache Folder Erased. <0> Files deleted.
BackEndSoftArena.exe: 000015FC: 22:57:29 [TUniServerModule]:Starting HTTP Server...
BackEndSoftArena.exe: 000015FC: 22:57:29 [TUniServerModule]:HTTP Server Started. Port: 8077
BackEndSoftArena.exe: 00001970: 22:57:33 [127.0.0.1]:EUniSessionException : Invalid session or session Timeout. : Addr: $007710D2
BackEndSoftArena.exe: 00001970: 22:57:34 [HandleFileRequest[127.0.0.1]]:Access denied: fontawesome-webfont.woff2.
BackEndSoftArena.exe: 000029A4: 22:57:34 [HandleFileRequest[127.0.0.1]]:Access denied: fontawesome-webfont.woff.
BackEndSoftArena.exe: 000029A4: 22:57:34 [HandleFileRequest[127.0.0.1]]:Access denied: fontawesome-webfont.ttf.
BackEndSoftArena.exe: 00002938: 22:57:35 [127.0.0.1]:EFDException : [FireDAC][Comp][Clnt]-512. Connection is not defined for [fdLogin]. Possible reason: Connection and ConnectionName property values are both empty : Addr: $007B1252
BackEndSoftArena.exe: 000015FC: 22:58:10 [TUniServerModule]:Shutting Down Server.
BackEndSoftArena.exe: 000015FC: 22:58:11 [TUniServerModule]:HTTP Server Stopped.
BackEndSoftArena.exe: 000015FC: 22:58:11 [TUniGUISessionManager]:Terminating Session manager.
BackEndSoftArena.exe: 000015FC: 22:58:11 [TUniGUISessionManager]:Stopping Cache Eraser...
BackEndSoftArena.exe: 000015FC: 22:58:11 [TUniGUISessionManager]:Cache Eraser Stopped.
BackEndSoftArena.exe: 000015FC: 22:58:12 [TUniGUISessionManager]:Destroying Worker Threads.
BackEndSoftArena.exe: 000015FC: 22:58:12 [TUniGUISessionManager]:Session manager terminated.
BackEndSoftArena.exe: 000015FC: 22:58:12 [TUniServerModule]:Server Shutdown Completed.
BackEndSoftArena.exe: 000015FC: 22:58:12 []:<-------------------------------------------------------------->
BackEndSoftArena.exe: 000015FC: 22:58:12 [Terminated]:Exit Code: 0
BackEndSoftArena.exe: 00002E64: 22:58:22 []:>--------------------------------------------------------------<
BackEndSoftArena.exe: 00002E64: 22:58:22 [TUniServerModule]:Server First Init.
BackEndSoftArena.exe: 00002E64: 22:58:22 [TUniServerModule]:Erasing Cache Folder...
BackEndSoftArena.exe: 00002E64: 22:58:22 [TUniServerModule]:Cache Folder Erased. <0> Files deleted.
BackEndSoftArena.exe: 00002E64: 22:58:22 [TUniServerModule]:Starting HTTP Server...
BackEndSoftArena.exe: 00002E64: 22:58:22 [TUniServerModule]:HTTP Server Started. Port: 8077
BackEndSoftArena.exe: 00002D74: 22:58:30 [127.0.0.1]:EUniSessionException : Invalid session or session Timeout. : Addr: $007710D2
BackEndSoftArena.exe: 00002D74: 22:58:32 [HandleFileRequest[127.0.0.1]]:Access denied: fontawesome-webfont.woff2.
BackEndSoftArena.exe: 00000C70: 22:58:33 [HandleFileRequest[127.0.0.1]]:Access denied: fontawesome-webfont.woff.
BackEndSoftArena.exe: 00000C70: 22:58:33 [HandleFileRequest[127.0.0.1]]:Access denied: fontawesome-webfont.ttf.
BackEndSoftArena.exe: 0000136C: 23:00:21 [127.0.0.1]:EFDException : [FireDAC][Comp][Clnt]-512. Connection is not defined for [fdEmail]. Possible reason: Connection and ConnectionName property values are both empty : Addr: $007B1252
BackEndSoftArena.exe: 00002E64: 23:01:20 [TUniServerModule]:Shutting Down Server.
BackEndSoftArena.exe: 00002D74: 23:01:21 [Indy]:EIdNotConnected : Not Connected : Addr: $006DF6F2
BackEndSoftArena.exe: 00002E64: 23:01:21 [TUniServerModule]:HTTP Server Stopped.
BackEndSoftArena.exe: 00002E64: 23:01:21 [TUniGUISessionManager]:Terminating Session manager.
BackEndSoftArena.exe: 00002E64: 23:01:21 [TUniGUISessionManager]:Stopping Cache Eraser...
BackEndSoftArena.exe: 00002E64: 23:01:21 [TUniGUISessionManager]:Cache Eraser Stopped.
BackEndSoftArena.exe: 00002E64: 23:01:21 [TUniGUISessionManager]:Destroying Worker Threads.
BackEndSoftArena.exe: 00002E64: 23:01:21 [TUniGUISessionManager]:Session manager terminated.
BackEndSoftArena.exe: 00002E64: 23:01:21 [TUniServerModule]:Server Shutdown Completed.
BackEndSoftArena.exe: 00002E64: 23:01:21 []:<-------------------------------------------------------------->
BackEndSoftArena.exe: 00002E64: 23:01:21 [Terminated]:Exit Code: 0
BackEndSoftArena.exe: 00001FFC: 23:01:27 []:>--------------------------------------------------------------<
BackEndSoftArena.exe: 00001FFC: 23:01:27 [TUniServerModule]:Server First Init.
BackEndSoftArena.exe: 00001FFC: 23:01:27 [TUniServerModule]:Erasing Cache Folder...
BackEndSoftArena.exe: 00001FFC: 23:01:27 [TUniServerModule]:Cache Folder Erased. <0> Files deleted.
BackEndSoftArena.exe: 00001FFC: 23:01:27 [TUniServerModule]:Starting HTTP Server...
BackEndSoftArena.exe: 00001FFC: 23:01:27 [TUniServerModule]:HTTP Server Started. Port: 8077
BackEndSoftArena.exe: 000014E8: 23:01:46 [127.0.0.1]:EUniSessionException : Invalid session or session Timeout. : Addr: $007710D2
BackEndSoftArena.exe: 000014E8: 23:01:46 [HandleFileRequest[127.0.0.1]]:Access denied: fontawesome-webfont.woff2.
BackEndSoftArena.exe: 00000454: 23:01:46 [HandleFileRequest[127.0.0.1]]:Access denied: fontawesome-webfont.woff.
BackEndSoftArena.exe: 00000454: 23:01:47 [HandleFileRequest[127.0.0.1]]:Access denied: fontawesome-webfont.ttf.
BackEndSoftArena.exe: 000027F4: 23:02:32 [127.0.0.1]:Exception : Fatal Error: Control can not be constructed with a nil Owner. : Addr: $007843CF
BackEndSoftArena.exe: 000027F4: 23:02:35 [127.0.0.1]:EAccessViolation : Access violation at address 008E22B8 in module 'BackEndSoftArena.exe'. Read of address 00000504 : Addr: $008E22B8
BackEndSoftArena.exe: 000027F4: 23:02:38 [127.0.0.1]:EAccessViolation : Access violation at address 008E22B8 in module 'BackEndSoftArena.exe'. Read of address 00000504 : Addr: $008E22B8
BackEndSoftArena.exe: 000027F4: 23:02:42 [127.0.0.1]:Exception : Fatal Error: Control can not be constructed with a nil Owner. : Addr: $007843CF
BackEndSoftArena.exe: 000027F4: 23:02:46 [127.0.0.1]:EAccessViolation : Access violation at address 008E22B8 in module 'BackEndSoftArena.exe'. Read of address 00000504 : Addr: $008E22B8
BackEndSoftArena.exe: 000027F4: 23:02:48 [127.0.0.1]:Exception : Fatal Error: Control can not be constructed with a nil Owner. : Addr: $007843CF
BackEndSoftArena.exe: 000027F4: 23:06:19 [127.0.0.1]:EAccessViolation : Access violation at address 008E22B8 in module 'BackEndSoftArena.exe'. Read of address 00000504 : Addr: $008E22B8
BackEndSoftArena.exe: 000027F4: 23:06:22 [127.0.0.1]:Exception : Fatal Error: Control can not be constructed with a nil Owner. : Addr: $007843CF
BackEndSoftArena.exe: 00001FFC: 23:07:01 [TUniServerModule]:Shutting Down Server.
BackEndSoftArena.exe: 00002898: 23:07:02 [Indy]:EIdNotConnected : Not Connected : Addr: $006DF6F2
BackEndSoftArena.exe: 00001FFC: 23:07:02 [TUniServerModule]:HTTP Server Stopped.
BackEndSoftArena.exe: 00001FFC: 23:07:02 [TUniGUISessionManager]:Terminating Session manager.
BackEndSoftArena.exe: 00001FFC: 23:07:02 [TUniGUISessionManager]:Stopping Cache Eraser...
BackEndSoftArena.exe: 00001FFC: 23:07:02 [TUniGUISessionManager]:Cache Eraser Stopped.
BackEndSoftArena.exe: 00001FFC: 23:07:02 [TUniGUISessionManager]:Destroying Worker Threads.
BackEndSoftArena.exe: 00001FFC: 23:07:02 [TUniGUISessionManager]:Session manager terminated.
BackEndSoftArena.exe: 00001FFC: 23:07:02 [TUniServerModule]:Server Shutdown Completed.
BackEndSoftArena.exe: 00001FFC: 23:07:02 []:<-------------------------------------------------------------->
BackEndSoftArena.exe: 00001FFC: 23:07:02 [Terminated]:Exit Code: 0
BackEndSoftArena.exe: 00002630: 23:07:09 []:>--------------------------------------------------------------<
BackEndSoftArena.exe: 00002630: 23:07:09 [TUniServerModule]:Server First Init.
BackEndSoftArena.exe: 00002630: 23:07:09 [TUniServerModule]:Erasing Cache Folder...
BackEndSoftArena.exe: 00002630: 23:07:09 [TUniServerModule]:Cache Folder Erased. <0> Files deleted.
BackEndSoftArena.exe: 00002630: 23:07:09 [TUniServerModule]:Starting HTTP Server...
BackEndSoftArena.exe: 00002630: 23:07:09 [TUniServerModule]:HTTP Server Started. Port: 8077
BackEndSoftArena.exe: 00002FFC: 23:07:31 [127.0.0.1]:EUniSessionException : Invalid session or session Timeout. : Addr: $007710D2
BackEndSoftArena.exe: 00002FFC: 23:07:32 [HandleFileRequest[127.0.0.1]]:Access denied: fontawesome-webfont.woff2.
BackEndSoftArena.exe: 000018DC: 23:07:32 [HandleFileRequest[127.0.0.1]]:Access denied: fontawesome-webfont.woff.
BackEndSoftArena.exe: 000018DC: 23:07:32 [HandleFileRequest[127.0.0.1]]:Access denied: fontawesome-webfont.ttf.
BackEndSoftArena.exe: 00002160: 23:07:37 [127.0.0.1]:Exception : Fatal Error: Control can not be constructed with a nil Owner. : Addr: $007843CF
BackEndSoftArena.exe: 00002160: 23:07:41 [127.0.0.1]:EAccessViolation : Access violation at address 008E22B8 in module 'BackEndSoftArena.exe'. Read of address 00000504 : Addr: $008E22B8
BackEndSoftArena.exe: 00002160: 23:07:44 [127.0.0.1]:EAccessViolation : Access violation at address 008E22B8 in module 'BackEndSoftArena.exe'. Read of address 00000504 : Addr: $008E22B8
BackEndSoftArena.exe: 00002160: 23:07:48 [127.0.0.1]:Exception : Fatal Error: Control can not be constructed with a nil Owner. : Addr: $007843CF
BackEndSoftArena.exe: 00002630: 23:08:13 [TUniServerModule]:Shutting Down Server.
BackEndSoftArena.exe: 000018E0: 23:08:13 [Indy]:EIdNotConnected : Not Connected : Addr: $006DF6F2
BackEndSoftArena.exe: 00002FFC: 23:08:13 [Indy]:EIdNotConnected : Not Connected : Addr: $006DF6F2
BackEndSoftArena.exe: 00002630: 23:08:14 [TUniServerModule]:HTTP Server Stopped.
BackEndSoftArena.exe: 00002630: 23:08:14 [TUniGUISessionManager]:Terminating Session manager.
BackEndSoftArena.exe: 00002630: 23:08:14 [TUniGUISessionManager]:Stopping Cache Eraser...
BackEndSoftArena.exe: 00002630: 23:08:14 [TUniGUISessionManager]:Cache Eraser Stopped.
BackEndSoftArena.exe: 00002630: 23:08:14 [TUniGUISessionManager]:Destroying Worker Threads.
BackEndSoftArena.exe: 00002630: 23:08:14 [TUniGUISessionManager]:Session manager terminated.
BackEndSoftArena.exe: 00002630: 23:08:14 [TUniServerModule]:Server Shutdown Completed.
BackEndSoftArena.exe: 00002630: 23:08:14 []:<-------------------------------------------------------------->
BackEndSoftArena.exe: 00002630: 23:08:14 [Terminated]:Exit Code: 0
BackEndSoftArena.exe: 00002DE4: 23:08:20 []:>--------------------------------------------------------------<
BackEndSoftArena.exe: 00002DE4: 23:08:20 [TUniServerModule]:Server First Init.
BackEndSoftArena.exe: 00002DE4: 23:08:20 [TUniServerModule]:Erasing Cache Folder...
BackEndSoftArena.exe: 00002DE4: 23:08:20 [TUniServerModule]:Cache Folder Erased. <0> Files deleted.
BackEndSoftArena.exe: 00002DE4: 23:08:20 [TUniServerModule]:Starting HTTP Server...
BackEndSoftArena.exe: 00002DE4: 23:08:20 [TUniServerModule]:HTTP Server Started. Port: 8077
BackEndSoftArena.exe: 000024A0: 23:08:27 [127.0.0.1]:EUniSessionException : Invalid session or session Timeout. : Addr: $007710D2
BackEndSoftArena.exe: 000024A0: 23:08:27 [HandleFileRequest[127.0.0.1]]:Access denied: fontawesome-webfont.woff2.
BackEndSoftArena.exe: 00002F2C: 23:08:27 [HandleFileRequest[127.0.0.1]]:Access denied: fontawesome-webfont.woff.
BackEndSoftArena.exe: 00002F2C: 23:08:27 [HandleFileRequest[127.0.0.1]]:Access denied: fontawesome-webfont.ttf.
BackEndSoftArena.exe: 00002D78: 23:08:31 [127.0.0.1]:Exception : Fatal Error: Control can not be constructed with a nil Owner. : Addr: $007843CF
BackEndSoftArena.exe: 00002D78: 23:08:34 [127.0.0.1]:EAccessViolation : Access violation at address 008E22B8 in module 'BackEndSoftArena.exe'. Read of address 00000504 : Addr: $008E22B8
BackEndSoftArena.exe: 00002D78: 23:08:36 [127.0.0.1]:EAccessViolation : Access violation at address 008E22B8 in module 'BackEndSoftArena.exe'. Read of address 00000504 : Addr: $008E22B8
BackEndSoftArena.exe: 00002D78: 23:08:39 [127.0.0.1]:Exception : Fatal Error: Control can not be constructed with a nil Owner. : Addr: $007843CF
