Project1.exe: 0000338C: 00:40:39 []:>--------------------------------------------------------------<
Project1.exe: 0000338C: 00:40:39 [TUniServerModule]:Server First Init.
Project1.exe: 0000338C: 00:40:39 [TUniServerModule]:Debug Mode = ON
Project1.exe: 0000338C: 00:40:39 [TUniServerModule]:Erasing Cache Folder...
Project1.exe: 0000338C: 00:40:40 [TUniServerModule]:Cache Folder Erased. <1> Files deleted.
Project1.exe: 0000338C: 00:40:40 [TUniServerModule]:Starting HTTP Server...
Project1.exe: 0000338C: 00:40:40 [TUniServerModule]:HTTP Server Started. Port: 8077
Project1.exe: 0000370C: 01:01:12 []:>--------------------------------------------------------------<
Project1.exe: 0000370C: 01:01:12 [TUniServerModule]:Server First Init.
Project1.exe: 0000370C: 01:01:12 [TUniServerModule]:Debug Mode = ON
Project1.exe: 0000370C: 01:01:12 [TUniServerModule]:Erasing Cache Folder...
Project1.exe: 0000370C: 01:01:12 [TUniServerModule]:Cache Folder Erased. <1> Files deleted.
Project1.exe: 0000370C: 01:01:12 [TUniServerModule]:Starting HTTP Server...
Project1.exe: 0000370C: 01:01:13 [TUniServerModule]:HTTP Server Started. Port: 8077
Project1.exe: 00001EAC: 01:01:57 []:>--------------------------------------------------------------<
Project1.exe: 00001EAC: 01:01:57 [TUniServerModule]:Server First Init.
Project1.exe: 00001EAC: 01:01:57 [TUniServerModule]:Debug Mode = ON
Project1.exe: 00001EAC: 01:01:57 [TUniServerModule]:Erasing Cache Folder...
Project1.exe: 00001EAC: 01:01:57 [TUniServerModule]:Cache Folder Erased. <2> Files deleted.
Project1.exe: 00001EAC: 01:01:57 [TUniServerModule]:Starting HTTP Server...
Project1.exe: 00001EAC: 01:01:57 [TUniServerModule]:HTTP Server Started. Port: 8077
Project1.exe: 0000286C: 01:02:08 [HandleFileRequest[127.0.0.1]]:File not found: D:\Delphi\DISCOS\UniGui\demos\Buttons Css\Win32\Debug\favicon.ico
Project1.exe: 0000374C: 01:03:15 []:>--------------------------------------------------------------<
Project1.exe: 0000374C: 01:03:15 [TUniServerModule]:Server First Init.
Project1.exe: 0000374C: 01:03:15 [TUniServerModule]:Debug Mode = ON
Project1.exe: 0000374C: 01:03:15 [TUniServerModule]:Erasing Cache Folder...
Project1.exe: 0000374C: 01:03:15 [TUniServerModule]:Cache Folder Erased. <1> Files deleted.
Project1.exe: 0000374C: 01:03:15 [TUniServerModule]:Starting HTTP Server...
Project1.exe: 0000374C: 01:03:15 [TUniServerModule]:HTTP Server Started. Port: 8077
Project1.exe: 00002220: 01:05:03 []:>--------------------------------------------------------------<
Project1.exe: 00002220: 01:05:03 [TUniServerModule]:Server First Init.
Project1.exe: 00002220: 01:05:03 [TUniServerModule]:Debug Mode = ON
Project1.exe: 00002220: 01:05:03 [TUniServerModule]:Erasing Cache Folder...
Project1.exe: 00002220: 01:05:03 [TUniServerModule]:Cache Folder Erased. <2> Files deleted.
Project1.exe: 00002220: 01:05:03 [TUniServerModule]:Starting HTTP Server...
Project1.exe: 00002220: 01:05:03 [TUniServerModule]:HTTP Server Started. Port: 8077
