Project1.exe: 00002820: 20:03:38 []:>--------------------------------------------------------------<
Project1.exe: 00002820: 20:03:38 [TUniServerModule]:Server First Init.
Project1.exe: 00002820: 20:03:38 [TUniServerModule]:Erasing Cache Folder...
Project1.exe: 00002820: 20:03:38 [TUniServerModule]:Cache Folder Erased. <0> Files deleted.
Project1.exe: 00002820: 20:03:38 [TUniServerModule]:Starting HTTP Server...
Project1.exe: 00002820: 20:03:38 [InitWebServer]:EIdCouldNotBindSocket : Could not bind socket. Address and port are already in use. : Addr: $006631CD
Project1.exe: 00002820: 20:03:43 [TUniServerModule]:Shutting Down Server.
Project1.exe: 00002820: 20:03:43 [TUniServerModule]:HTTP Server Stopped.
Project1.exe: 00002820: 20:03:43 [TUniGUISessionManager]:Terminating Session manager.
Project1.exe: 00002820: 20:03:43 [TUniGUISessionManager]:Stopping Cache Eraser...
Project1.exe: 00002820: 20:03:43 [TUniGUISessionManager]:Cache Eraser Stopped.
Project1.exe: 00002820: 20:03:43 [TUniGUISessionManager]:Destroying Worker Threads.
Project1.exe: 00002820: 20:03:43 [TUniGUISessionManager]:Session manager terminated.
Project1.exe: 00002820: 20:03:43 [TUniServerModule]:Server Shutdown Completed.
Project1.exe: 00002820: 20:03:43 []:<-------------------------------------------------------------->
Project1.exe: 00002820: 20:03:43 [Terminated]:Exit Code: 0
Project1.exe: 00002324: 20:04:39 []:>--------------------------------------------------------------<
Project1.exe: 00002324: 20:04:39 [TUniServerModule]:Server First Init.
Project1.exe: 00002324: 20:04:39 [TUniServerModule]:Erasing Cache Folder...
Project1.exe: 00002324: 20:04:39 [TUniServerModule]:Cache Folder Erased. <0> Files deleted.
Project1.exe: 00002324: 20:04:39 [TUniServerModule]:Starting HTTP Server...
Project1.exe: 00002324: 20:04:39 [TUniServerModule]:HTTP Server Started. Port: 8077
Project1.exe: 00000648: 20:04:42 [127.0.0.1]:EUniSessionException : Invalid session or session Timeout. : Addr: $006FDD52
Project1.exe: 00002324: 20:08:07 [TUniServerModule]:Shutting Down Server.
Project1.exe: 00000648: 20:08:08 [Indy]:EIdNotConnected : Not Connected : Addr: $0066C776
Project1.exe: 0000080C: 20:08:08 [Indy]:EIdNotConnected : Not Connected : Addr: $0066C776
Project1.exe: 0000246C: 20:08:08 [Indy]:EIdNotConnected : Not Connected : Addr: $0066C776
Project1.exe: 000005A0: 20:08:08 [Indy]:EIdNotConnected : Not Connected : Addr: $0066C776
Project1.exe: 00002324: 20:08:08 [TUniServerModule]:HTTP Server Stopped.
Project1.exe: 00002324: 20:08:08 [TUniGUISessionManager]:Terminating Session manager.
Project1.exe: 00002324: 20:08:08 [TUniGUISessionManager]:Stopping Cache Eraser...
Project1.exe: 00002324: 20:08:08 [TUniGUISessionManager]:Cache Eraser Stopped.
Project1.exe: 00002324: 20:08:08 [TUniGUISessionManager]:Destroying Worker Threads.
Project1.exe: 00002324: 20:08:08 [TUniGUISessionManager]:Session manager terminated.
Project1.exe: 00002324: 20:08:08 [TUniServerModule]:Server Shutdown Completed.
Project1.exe: 00002324: 20:08:08 []:<-------------------------------------------------------------->
Project1.exe: 00002324: 20:08:08 [Terminated]:Exit Code: 0
